#! /c/Source/iverilog-install/bin/vvp
:ivl_version "12.0 (devel)" "(s20150603-1539-g2693dd32b)";
:ivl_delay_selection "TYPICAL";
:vpi_time_precision - 12;
:vpi_module "C:\iverilog\lib\ivl\system.vpi";
:vpi_module "C:\iverilog\lib\ivl\vhdl_sys.vpi";
:vpi_module "C:\iverilog\lib\ivl\vhdl_textio.vpi";
:vpi_module "C:\iverilog\lib\ivl\v2005_math.vpi";
:vpi_module "C:\iverilog\lib\ivl\va_math.vpi";
:vpi_module "C:\iverilog\lib\ivl\v2009.vpi";
S_000002495631e930 .scope package, "$unit" "$unit" 2 1;
 .timescale 0 0;
S_000002495627efc0 .scope module, "tb_decode" "tb_decode" 3 2;
 .timescale -9 -12;
v00000249563b0510_0 .net "branch", 0 0, v000002495631d540_0;  1 drivers
v00000249563b05b0_0 .var "branch_flush", 0 0;
v00000249563b0650_0 .var "clk", 0 0;
v00000249563b0790_0 .net "file_reg1", 4 0, v00000249562620f0_0;  1 drivers
v00000249563b0830_0 .net "file_reg2", 4 0, v000002495631eac0_0;  1 drivers
v00000249563b08d0_0 .var "file_val1", 31 0;
v00000249563b0970_0 .var "file_val2", 31 0;
v00000249563b23e0_0 .net "finalI", 31 0, v00000249563ae560_0;  1 drivers
v00000249563b1260_0 .net "finalpc", 31 0, v00000249563ae600_0;  1 drivers
v00000249563b0f40_0 .net "imm", 31 0, v00000249563adde0_0;  1 drivers
v00000249563b1f80_0 .var "inst", 31 0;
v00000249563b1300_0 .net "itype", 0 0, v00000249563ae740_0;  1 drivers
v00000249563b1440_0 .net "jal", 0 0, v00000249563ae7e0_0;  1 drivers
v00000249563b1ee0_0 .var "jal_flush", 0 0;
v00000249563b0d60_0 .net "jalr", 0 0, v00000249563ae2e0_0;  1 drivers
v00000249563b19e0_0 .net "load", 0 0, v00000249563ade80_0;  1 drivers
v00000249563b20c0_0 .var "pc", 31 0;
v00000249563b2480_0 .net "reg1", 4 0, v00000249563af7f0_0;  1 drivers
v00000249563b0fe0_0 .net "reg1val", 31 0, v00000249563aee90_0;  1 drivers
v00000249563b2160_0 .net "reg2", 4 0, v00000249563afc50_0;  1 drivers
v00000249563b2200_0 .net "reg2val", 31 0, v00000249563aeb70_0;  1 drivers
v00000249563b1b20_0 .net "regD", 4 0, v00000249563aecb0_0;  1 drivers
v00000249563b2700_0 .var "rst", 0 0;
v00000249563b2520_0 .net "rtype", 0 0, v00000249563afa70_0;  1 drivers
v00000249563b25c0_0 .var "stall", 0 0;
v00000249563b2660_0 .net "store", 0 0, v00000249563b06f0_0;  1 drivers
S_000002495627f150 .scope module, "dut" "decode" 3 17, 4 1 0, S_000002495627efc0;
 .timescale 0 0;
    .port_info 0 /INPUT 1 "clk";
    .port_info 1 /INPUT 1 "rst";
    .port_info 2 /INPUT 1 "stall";
    .port_info 3 /INPUT 1 "jal_flush";
    .port_info 4 /INPUT 1 "branch_flush";
    .port_info 5 /INPUT 32 "inst";
    .port_info 6 /INPUT 32 "pc";
    .port_info 7 /INPUT 32 "file_val1";
    .port_info 8 /INPUT 32 "file_val2";
    .port_info 9 /OUTPUT 5 "file_reg1";
    .port_info 10 /OUTPUT 5 "file_reg2";
    .port_info 11 /OUTPUT 1 "rtype";
    .port_info 12 /OUTPUT 1 "itype";
    .port_info 13 /OUTPUT 1 "load";
    .port_info 14 /OUTPUT 1 "store";
    .port_info 15 /OUTPUT 1 "branch";
    .port_info 16 /OUTPUT 1 "jal";
    .port_info 17 /OUTPUT 1 "jalr";
    .port_info 18 /OUTPUT 32 "imm";
    .port_info 19 /OUTPUT 32 "finalI";
    .port_info 20 /OUTPUT 32 "finalpc";
    .port_info 21 /OUTPUT 5 "reg1";
    .port_info 22 /OUTPUT 5 "reg2";
    .port_info 23 /OUTPUT 5 "regD";
    .port_info 24 /OUTPUT 32 "reg1val";
    .port_info 25 /OUTPUT 32 "reg2val";
v000002495631d540_0 .var "branch", 0 0;
v00000249561b33f0_0 .net "branch_flush", 0 0, v00000249563b05b0_0;  1 drivers
v00000249562ebbb0_0 .net "clk", 0 0, v00000249563b0650_0;  1 drivers
v00000249562620f0_0 .var "file_reg1", 4 0;
v000002495631eac0_0 .var "file_reg2", 4 0;
v0000024956209e90_0 .net "file_val1", 31 0, v00000249563b08d0_0;  1 drivers
v00000249563add40_0 .net "file_val2", 31 0, v00000249563b0970_0;  1 drivers
v00000249563ae560_0 .var "finalI", 31 0;
v00000249563ae600_0 .var "finalpc", 31 0;
v00000249563adde0_0 .var "imm", 31 0;
v00000249563ae060_0 .net "inst", 31 0, v00000249563b1f80_0;  1 drivers
v00000249563ae740_0 .var "itype", 0 0;
v00000249563ae7e0_0 .var "jal", 0 0;
v00000249563adfc0_0 .net "jal_flush", 0 0, v00000249563b1ee0_0;  1 drivers
v00000249563ae2e0_0 .var "jalr", 0 0;
v00000249563ade80_0 .var "load", 0 0;
v00000249563ae6a0_0 .var "next_branch", 0 0;
v00000249563adac0_0 .var "next_finalI", 31 0;
v00000249563ae9c0_0 .var "next_finalpc", 31 0;
v00000249563ae880_0 .var "next_imm", 31 0;
v00000249563ae420_0 .var "next_itype", 0 0;
v00000249563adf20_0 .var "next_jal", 0 0;
v00000249563ae920_0 .var "next_jalr", 0 0;
v00000249563adb60_0 .var "next_load", 0 0;
v00000249563adc00_0 .var "next_reg1", 4 0;
v00000249563ae4c0_0 .var "next_reg2", 4 0;
v00000249563ae1a0_0 .var "next_regD", 4 0;
v00000249563adca0_0 .var "next_rtype", 0 0;
v00000249563ae100_0 .var "next_store", 0 0;
L_00000249563b2aa8 .functor BUFT 1, C4<00000000000000000000000000010011>, C4<0>, C4<0>, C4<0>;
v00000249563ae240_0 .net "nop", 31 0, L_00000249563b2aa8;  1 drivers
v00000249563ae380_0 .net "op", 6 0, L_00000249563b1580;  1 drivers
v00000249563b0150_0 .net "pc", 31 0, v00000249563b20c0_0;  1 drivers
v00000249563af7f0_0 .var "reg1", 4 0;
v00000249563aee90_0 .var "reg1val", 31 0;
v00000249563afc50_0 .var "reg2", 4 0;
v00000249563aeb70_0 .var "reg2val", 31 0;
v00000249563aecb0_0 .var "regD", 4 0;
v00000249563aed50_0 .net "rst", 0 0, v00000249563b2700_0;  1 drivers
v00000249563afa70_0 .var "rtype", 0 0;
v00000249563aef30_0 .net "stall", 0 0, v00000249563b25c0_0;  1 drivers
v00000249563b06f0_0 .var "store", 0 0;
E_00000249563480a0 .event posedge, v00000249563aed50_0, v00000249562ebbb0_0;
E_0000024956348860/0 .event anyedge, v00000249563ae060_0, v00000249563b0150_0, v00000249563adfc0_0, v00000249561b33f0_0;
E_0000024956348860/1 .event anyedge, v00000249563ae240_0, v00000249563aef30_0, v00000249563ae740_0, v00000249563afa70_0;
E_0000024956348860/2 .event anyedge, v00000249563ade80_0, v00000249563b06f0_0, v000002495631d540_0, v00000249563ae7e0_0;
E_0000024956348860/3 .event anyedge, v00000249563ae2e0_0, v00000249563adde0_0, v00000249563af7f0_0, v00000249563afc50_0;
E_0000024956348860/4 .event anyedge, v00000249563aecb0_0, v00000249563ae560_0, v00000249563ae600_0, v00000249563ae380_0;
E_0000024956348860/5 .event anyedge, v00000249563ae060_0, v00000249563ae060_0, v00000249563ae060_0, v00000249563ae060_0;
E_0000024956348860/6 .event anyedge, v00000249563ae060_0, v00000249563ae060_0, v00000249563ae060_0, v00000249563ae060_0;
E_0000024956348860/7 .event anyedge, v00000249563ae060_0, v00000249563ae060_0, v00000249563ae060_0, v00000249563ae060_0;
E_0000024956348860 .event/or E_0000024956348860/0, E_0000024956348860/1, E_0000024956348860/2, E_0000024956348860/3, E_0000024956348860/4, E_0000024956348860/5, E_0000024956348860/6, E_0000024956348860/7;
L_00000249563b1580 .part v00000249563b1f80_0, 0, 7;
S_0000024956312940 .scope task, "reset" "reset" 3 61, 3 61 0, S_000002495627efc0;
 .timescale -9 -12;
E_0000024956347f20 .event posedge, v00000249562ebbb0_0;
TD_tb_decode.reset ;
    %pushi/vec4 1, 0, 1;
    %store/vec4 v00000249563b2700_0, 0, 1;
    %pushi/vec4 0, 0, 1;
    %store/vec4 v00000249563b25c0_0, 0, 1;
    %pushi/vec4 0, 0, 1;
    %store/vec4 v00000249563b1ee0_0, 0, 1;
    %pushi/vec4 0, 0, 1;
    %store/vec4 v00000249563b05b0_0, 0, 1;
    %pushi/vec4 0, 0, 32;
    %store/vec4 v00000249563b08d0_0, 0, 32;
    %pushi/vec4 0, 0, 32;
    %store/vec4 v00000249563b0970_0, 0, 32;
    %pushi/vec4 0, 0, 32;
    %store/vec4 v00000249563b1f80_0, 0, 32;
    %pushi/vec4 0, 0, 32;
    %store/vec4 v00000249563b20c0_0, 0, 32;
    %wait E_0000024956347f20;
    %wait E_0000024956347f20;
    %pushi/vec4 0, 0, 1;
    %store/vec4 v00000249563b2700_0, 0, 1;
    %end;
S_0000024956312ad0 .scope task, "send" "send" 3 75, 3 75 0, S_000002495627efc0;
 .timescale -9 -12;
v00000249563aedf0_0 .var "b", 0 0;
v00000249563af110_0 .var "br", 0 0;
v00000249563af250_0 .var "file_val1_exp", 31 0;
v00000249563af6b0_0 .var "file_val2_exp", 31 0;
v00000249563afd90_0 .var "imm_exp", 31 0;
v00000249563af750_0 .var "inst_send", 31 0;
v00000249563af1b0_0 .var "it", 0 0;
v00000249563af390_0 .var "j", 0 0;
v00000249563af890_0 .var "ja", 0 0;
v00000249563afe30_0 .var "jr", 0 0;
v00000249563af430_0 .var "lo", 0 0;
v00000249563af930_0 .var "pc_send", 31 0;
v00000249563af4d0_0 .var "prev_br", 0 0;
v00000249563aec10_0 .var "prev_file_val1", 31 0;
v00000249563afcf0_0 .var "prev_file_val2", 31 0;
v00000249563af2f0_0 .var "prev_finalI", 31 0;
v00000249563afed0_0 .var "prev_finalpc", 31 0;
v00000249563aefd0_0 .var "prev_imm", 31 0;
v00000249563af570_0 .var "prev_it", 0 0;
v00000249563b03d0_0 .var "prev_ja", 0 0;
v00000249563af610_0 .var "prev_jr", 0 0;
v00000249563aead0_0 .var "prev_lo", 0 0;
v00000249563af9d0_0 .var "prev_reg1", 4 0;
v00000249563af070_0 .var "prev_reg2", 4 0;
v00000249563aff70_0 .var "prev_regD", 4 0;
v00000249563afb10_0 .var "prev_rt", 0 0;
v00000249563b01f0_0 .var "prev_st", 0 0;
v00000249563afbb0_0 .var "reg1_exp", 4 0;
v00000249563b0010_0 .var "reg2_exp", 4 0;
v00000249563b00b0_0 .var "regD_exp", 4 0;
v00000249563b0290_0 .var "rt", 0 0;
v00000249563b0330_0 .var "s", 0 0;
v00000249563b0470_0 .var "st", 0 0;
TD_tb_decode.send ;
    %pushi/vec4 0, 0, 5;
    %store/vec4 v00000249563afbb0_0, 0, 5;
    %pushi/vec4 0, 0, 5;
    %store/vec4 v00000249563b0010_0, 0, 5;
    %pushi/vec4 0, 0, 5;
    %store/vec4 v00000249563b00b0_0, 0, 5;
    %pushi/vec4 0, 0, 32;
    %store/vec4 v00000249563afd90_0, 0, 32;
    %pushi/vec4 0, 0, 32;
    %store/vec4 v00000249563af250_0, 0, 32;
    %pushi/vec4 0, 0, 32;
    %store/vec4 v00000249563af6b0_0, 0, 32;
    %load/vec4 v00000249563b0290_0;
    %flag_set/vec4 8;
    %jmp/0xz  T_1.0, 8;
    %load/vec4 v00000249563af750_0;
    %parti/s 5, 15, 5;
    %store/vec4 v00000249563afbb0_0, 0, 5;
    %load/vec4 v00000249563af750_0;
    %parti/s 5, 20, 6;
    %store/vec4 v00000249563b0010_0, 0, 5;
    %load/vec4 v00000249563af750_0;
    %parti/s 5, 7, 4;
    %store/vec4 v00000249563b00b0_0, 0, 5;
    %jmp T_1.1;
T_1.0 ;
    %load/vec4 v00000249563af1b0_0;
    %flag_set/vec4 8;
    %jmp/1 T_1.5, 8;
    %load/vec4 v00000249563af430_0;
    %flag_set/vec4 9;
    %flag_or 8, 9;
T_1.5;
    %jmp/1 T_1.4, 8;
    %load/vec4 v00000249563afe30_0;
    %flag_set/vec4 9;
    %flag_or 8, 9;
T_1.4;
    %jmp/0xz  T_1.2, 8;
    %load/vec4 v00000249563af750_0;
    %parti/s 5, 15, 5;
    %store/vec4 v00000249563afbb0_0, 0, 5;
    %load/vec4 v00000249563af750_0;
    %parti/s 5, 7, 4;
    %store/vec4 v00000249563b00b0_0, 0, 5;
    %load/vec4 v00000249563af750_0;
    %parti/s 1, 31, 6;
    %replicate 20;
    %load/vec4 v00000249563af750_0;
    %parti/s 12, 20, 6;
    %concat/vec4; draw_concat_vec4
    %store/vec4 v00000249563afd90_0, 0, 32;
    %jmp T_1.3;
T_1.2 ;
    %load/vec4 v00000249563b0470_0;
    %flag_set/vec4 8;
    %jmp/0xz  T_1.6, 8;
    %load/vec4 v00000249563af750_0;
    %parti/s 5, 15, 5;
    %store/vec4 v00000249563afbb0_0, 0, 5;
    %load/vec4 v00000249563af750_0;
    %parti/s 5, 20, 6;
    %store/vec4 v00000249563b0010_0, 0, 5;
    %load/vec4 v00000249563af750_0;
    %parti/s 1, 31, 6;
    %replicate 20;
    %load/vec4 v00000249563af750_0;
    %parti/s 7, 25, 6;
    %concat/vec4; draw_concat_vec4
    %load/vec4 v00000249563af750_0;
    %parti/s 5, 7, 4;
    %concat/vec4; draw_concat_vec4
    %store/vec4 v00000249563afd90_0, 0, 32;
    %jmp T_1.7;
T_1.6 ;
    %load/vec4 v00000249563af110_0;
    %flag_set/vec4 8;
    %jmp/0xz  T_1.8, 8;
    %load/vec4 v00000249563af750_0;
    %parti/s 5, 15, 5;
    %store/vec4 v00000249563afbb0_0, 0, 5;
    %load/vec4 v00000249563af750_0;
    %parti/s 5, 20, 6;
    %store/vec4 v00000249563b0010_0, 0, 5;
    %load/vec4 v00000249563af750_0;
    %parti/s 1, 31, 6;
    %replicate 19;
    %load/vec4 v00000249563af750_0;
    %parti/s 1, 31, 6;
    %concat/vec4; draw_concat_vec4
    %load/vec4 v00000249563af750_0;
    %parti/s 1, 7, 4;
    %concat/vec4; draw_concat_vec4
    %load/vec4 v00000249563af750_0;
    %parti/s 6, 25, 6;
    %concat/vec4; draw_concat_vec4
    %load/vec4 v00000249563af750_0;
    %parti/s 4, 8, 5;
    %concat/vec4; draw_concat_vec4
    %concati/vec4 0, 0, 1;
    %store/vec4 v00000249563afd90_0, 0, 32;
    %jmp T_1.9;
T_1.8 ;
    %load/vec4 v00000249563af890_0;
    %flag_set/vec4 8;
    %jmp/0xz  T_1.10, 8;
    %load/vec4 v00000249563af750_0;
    %parti/s 5, 7, 4;
    %store/vec4 v00000249563b00b0_0, 0, 5;
    %load/vec4 v00000249563af750_0;
    %parti/s 1, 31, 6;
    %replicate 11;
    %load/vec4 v00000249563af750_0;
    %parti/s 1, 31, 6;
    %concat/vec4; draw_concat_vec4
    %load/vec4 v00000249563af750_0;
    %parti/s 8, 12, 5;
    %concat/vec4; draw_concat_vec4
    %load/vec4 v00000249563af750_0;
    %parti/s 1, 20, 6;
    %concat/vec4; draw_concat_vec4
    %load/vec4 v00000249563af750_0;
    %parti/s 10, 21, 6;
    %concat/vec4; draw_concat_vec4
    %concati/vec4 0, 0, 1;
    %store/vec4 v00000249563afd90_0, 0, 32;
    %jmp T_1.11;
T_1.10 ;
    %vpi_call/w 3 117 "$display", "ERROR: NO INSTRUCTION FLAG RAISED FOR THIS TASK" {0 0 0};
T_1.11 ;
T_1.9 ;
T_1.7 ;
T_1.3 ;
T_1.1 ;
    %delay 0, 0;
    %load/vec4 v00000249563b2480_0;
    %store/vec4 v00000249563af9d0_0, 0, 5;
    %load/vec4 v00000249563b2160_0;
    %store/vec4 v00000249563af070_0, 0, 5;
    %load/vec4 v00000249563b1b20_0;
    %store/vec4 v00000249563aff70_0, 0, 5;
    %load/vec4 v00000249563b0f40_0;
    %store/vec4 v00000249563aefd0_0, 0, 32;
    %load/vec4 v00000249563b0fe0_0;
    %store/vec4 v00000249563aec10_0, 0, 32;
    %load/vec4 v00000249563b2200_0;
    %store/vec4 v00000249563afcf0_0, 0, 32;
    %load/vec4 v00000249563b23e0_0;
    %store/vec4 v00000249563af2f0_0, 0, 32;
    %load/vec4 v00000249563b1260_0;
    %store/vec4 v00000249563afed0_0, 0, 32;
    %load/vec4 v00000249563b2520_0;
    %store/vec4 v00000249563afb10_0, 0, 1;
    %load/vec4 v00000249563b1300_0;
    %store/vec4 v00000249563af570_0, 0, 1;
    %load/vec4 v00000249563b19e0_0;
    %store/vec4 v00000249563aead0_0, 0, 1;
    %load/vec4 v00000249563b2660_0;
    %store/vec4 v00000249563b01f0_0, 0, 1;
    %load/vec4 v00000249563b0510_0;
    %store/vec4 v00000249563af4d0_0, 0, 1;
    %load/vec4 v00000249563b1440_0;
    %store/vec4 v00000249563b03d0_0, 0, 1;
    %load/vec4 v00000249563b0d60_0;
    %store/vec4 v00000249563af610_0, 0, 1;
    %delay 0, 0;
    %load/vec4 v00000249563af390_0;
    %store/vec4 v00000249563b1ee0_0, 0, 1;
    %load/vec4 v00000249563aedf0_0;
    %store/vec4 v00000249563b05b0_0, 0, 1;
    %load/vec4 v00000249563b0330_0;
    %store/vec4 v00000249563b25c0_0, 0, 1;
    %load/vec4 v00000249563af750_0;
    %store/vec4 v00000249563b1f80_0, 0, 32;
    %load/vec4 v00000249563af930_0;
    %store/vec4 v00000249563b20c0_0, 0, 32;
    %delay 0, 0;
    %load/vec4 v00000249563b0790_0;
    %load/vec4 v00000249563afbb0_0;
    %cmp/ne;
    %flag_get/vec4 4;
    %jmp/0 T_1.16, 4;
    %load/vec4 v00000249563af390_0;
    %nor/r;
    %and;
T_1.16;
    %flag_set/vec4 10;
    %flag_get/vec4 10;
    %jmp/0 T_1.15, 10;
    %load/vec4 v00000249563aedf0_0;
    %nor/r;
    %and;
T_1.15;
    %flag_set/vec4 9;
    %flag_get/vec4 9;
    %jmp/0 T_1.14, 9;
    %load/vec4 v00000249563b0330_0;
    %nor/r;
    %and;
T_1.14;
    %flag_set/vec4 8;
    %jmp/0xz  T_1.12, 8;
    %vpi_call/w 3 145 "$display", "Reg1 mismatch: Sent to reg file: 0x%8h Expected: 0x%8h", v00000249563b0790_0, v00000249563afbb0_0 {0 0 0};
T_1.12 ;
    %load/vec4 v00000249563b0830_0;
    %load/vec4 v00000249563b0010_0;
    %cmp/ne;
    %flag_get/vec4 4;
    %jmp/0 T_1.21, 4;
    %load/vec4 v00000249563af390_0;
    %nor/r;
    %and;
T_1.21;
    %flag_set/vec4 10;
    %flag_get/vec4 10;
    %jmp/0 T_1.20, 10;
    %load/vec4 v00000249563aedf0_0;
    %nor/r;
    %and;
T_1.20;
    %flag_set/vec4 9;
    %flag_get/vec4 9;
    %jmp/0 T_1.19, 9;
    %load/vec4 v00000249563b0330_0;
    %nor/r;
    %and;
T_1.19;
    %flag_set/vec4 8;
    %jmp/0xz  T_1.17, 8;
    %vpi_call/w 3 148 "$display", "Reg2 mismatch: Sent to reg file: 0x%8h Expected: 0x%8h", v00000249563b0830_0, v00000249563b0010_0 {0 0 0};
T_1.17 ;
    %delay 0, 0;
    %load/vec4 v00000249563b0790_0;
    %cmpi/ne 0, 0, 5;
    %jmp/0xz  T_1.22, 4;
    %pushi/vec4 170, 0, 32;
    %store/vec4 v00000249563af250_0, 0, 32;
T_1.22 ;
    %load/vec4 v00000249563b0830_0;
    %cmpi/ne 0, 0, 5;
    %jmp/0xz  T_1.24, 4;
    %pushi/vec4 187, 0, 32;
    %store/vec4 v00000249563af6b0_0, 0, 32;
T_1.24 ;
    %load/vec4 v00000249563af250_0;
    %store/vec4 v00000249563b08d0_0, 0, 32;
    %load/vec4 v00000249563af6b0_0;
    %store/vec4 v00000249563b0970_0, 0, 32;
    %wait E_0000024956347f20;
    %delay 2000, 0;
    %load/vec4 v00000249563af390_0;
    %flag_set/vec4 8;
    %jmp/1 T_1.28, 8;
    %load/vec4 v00000249563aedf0_0;
    %flag_set/vec4 9;
    %flag_or 8, 9;
T_1.28;
    %jmp/0xz  T_1.26, 8;
    %load/vec4 v00000249563b23e0_0;
    %cmpi/e 19, 0, 32;
    %flag_get/vec4 4;
    %jmp/0 T_1.43, 4;
    %load/vec4 v00000249563b2520_0;
    %pad/u 32;
    %pushi/vec4 0, 0, 32;
    %cmp/e;
    %flag_get/vec4 4;
    %and;
T_1.43;
    %flag_set/vec4 20;
    %flag_get/vec4 20;
    %jmp/0 T_1.42, 20;
    %load/vec4 v00000249563b1300_0;
    %pad/u 32;
    %pushi/vec4 1, 0, 32;
    %cmp/e;
    %flag_get/vec4 4;
    %and;
T_1.42;
    %flag_set/vec4 19;
    %flag_get/vec4 19;
    %jmp/0 T_1.41, 19;
    %load/vec4 v00000249563b19e0_0;
    %pad/u 32;
    %pushi/vec4 0, 0, 32;
    %cmp/e;
    %flag_get/vec4 4;
    %and;
T_1.41;
    %flag_set/vec4 18;
    %flag_get/vec4 18;
    %jmp/0 T_1.40, 18;
    %load/vec4 v00000249563b2660_0;
    %pad/u 32;
    %pushi/vec4 0, 0, 32;
    %cmp/e;
    %flag_get/vec4 4;
    %and;
T_1.40;
    %flag_set/vec4 17;
    %flag_get/vec4 17;
    %jmp/0 T_1.39, 17;
    %load/vec4 v00000249563b0510_0;
    %pad/u 32;
    %pushi/vec4 0, 0, 32;
    %cmp/e;
    %flag_get/vec4 4;
    %and;
T_1.39;
    %flag_set/vec4 16;
    %flag_get/vec4 16;
    %jmp/0 T_1.38, 16;
    %load/vec4 v00000249563b1440_0;
    %pad/u 32;
    %pushi/vec4 0, 0, 32;
    %cmp/e;
    %flag_get/vec4 4;
    %and;
T_1.38;
    %flag_set/vec4 15;
    %flag_get/vec4 15;
    %jmp/0 T_1.37, 15;
    %load/vec4 v00000249563b0d60_0;
    %pad/u 32;
    %pushi/vec4 0, 0, 32;
    %cmp/e;
    %flag_get/vec4 4;
    %and;
T_1.37;
    %flag_set/vec4 14;
    %flag_get/vec4 14;
    %jmp/0 T_1.36, 14;
    %load/vec4 v00000249563b0f40_0;
    %pushi/vec4 0, 0, 32;
    %cmp/e;
    %flag_get/vec4 4;
    %and;
T_1.36;
    %flag_set/vec4 13;
    %flag_get/vec4 13;
    %jmp/0 T_1.35, 13;
    %load/vec4 v00000249563b2480_0;
    %pushi/vec4 0, 0, 5;
    %cmp/e;
    %flag_get/vec4 4;
    %and;
T_1.35;
    %flag_set/vec4 12;
    %flag_get/vec4 12;
    %jmp/0 T_1.34, 12;
    %load/vec4 v00000249563b2160_0;
    %pushi/vec4 0, 0, 5;
    %cmp/e;
    %flag_get/vec4 4;
    %and;
T_1.34;
    %flag_set/vec4 11;
    %flag_get/vec4 11;
    %jmp/0 T_1.33, 11;
    %load/vec4 v00000249563b1b20_0;
    %pushi/vec4 0, 0, 5;
    %cmp/e;
    %flag_get/vec4 4;
    %and;
T_1.33;
    %flag_set/vec4 10;
    %flag_get/vec4 10;
    %jmp/0 T_1.32, 10;
    %load/vec4 v00000249563b0fe0_0;
    %pushi/vec4 0, 0, 32;
    %cmp/e;
    %flag_get/vec4 4;
    %and;
T_1.32;
    %flag_set/vec4 9;
    %flag_get/vec4 9;
    %jmp/0 T_1.31, 9;
    %load/vec4 v00000249563b2200_0;
    %pushi/vec4 0, 0, 32;
    %cmp/e;
    %flag_get/vec4 4;
    %and;
T_1.31;
    %flag_set/vec4 8;
    %jmp/0xz  T_1.29, 8;
    %vpi_call/w 3 175 "$display", "PASS w HAZARD: instr = 0x%8h jal = %d branch = %d", v00000249563af750_0, v00000249563af390_0, v00000249563aedf0_0 {0 0 0};
    %jmp T_1.30;
T_1.29 ;
    %vpi_call/w 3 176 "$display", "FAIL w HAZARD: instr = 0x%8h jal = %d branch = %d", v00000249563af750_0, v00000249563af390_0, v00000249563aedf0_0 {0 0 0};
T_1.30 ;
    %jmp T_1.27;
T_1.26 ;
    %load/vec4 v00000249563b0330_0;
    %flag_set/vec4 8;
    %jmp/0xz  T_1.44, 8;
    %load/vec4 v00000249563b23e0_0;
    %load/vec4 v00000249563af2f0_0;
    %cmp/e;
    %flag_get/vec4 4;
    %jmp/0 T_1.61, 4;
    %load/vec4 v00000249563b1260_0;
    %load/vec4 v00000249563afed0_0;
    %cmp/e;
    %flag_get/vec4 4;
    %and;
T_1.61;
    %flag_set/vec4 21;
    %flag_get/vec4 21;
    %jmp/0 T_1.60, 21;
    %load/vec4 v00000249563b2520_0;
    %load/vec4 v00000249563afb10_0;
    %cmp/e;
    %flag_get/vec4 4;
    %and;
T_1.60;
    %flag_set/vec4 20;
    %flag_get/vec4 20;
    %jmp/0 T_1.59, 20;
    %load/vec4 v00000249563b1300_0;
    %load/vec4 v00000249563af570_0;
    %cmp/e;
    %flag_get/vec4 4;
    %and;
T_1.59;
    %flag_set/vec4 19;
    %flag_get/vec4 19;
    %jmp/0 T_1.58, 19;
    %load/vec4 v00000249563b19e0_0;
    %load/vec4 v00000249563aead0_0;
    %cmp/e;
    %flag_get/vec4 4;
    %and;
T_1.58;
    %flag_set/vec4 18;
    %flag_get/vec4 18;
    %jmp/0 T_1.57, 18;
    %load/vec4 v00000249563b2660_0;
    %load/vec4 v00000249563b01f0_0;
    %cmp/e;
    %flag_get/vec4 4;
    %and;
T_1.57;
    %flag_set/vec4 17;
    %flag_get/vec4 17;
    %jmp/0 T_1.56, 17;
    %load/vec4 v00000249563b0510_0;
    %load/vec4 v00000249563af4d0_0;
    %cmp/e;
    %flag_get/vec4 4;
    %and;
T_1.56;
    %flag_set/vec4 16;
    %flag_get/vec4 16;
    %jmp/0 T_1.55, 16;
    %load/vec4 v00000249563b1440_0;
    %load/vec4 v00000249563b03d0_0;
    %cmp/e;
    %flag_get/vec4 4;
    %and;
T_1.55;
    %flag_set/vec4 15;
    %flag_get/vec4 15;
    %jmp/0 T_1.54, 15;
    %load/vec4 v00000249563b0d60_0;
    %load/vec4 v00000249563af610_0;
    %cmp/e;
    %flag_get/vec4 4;
    %and;
T_1.54;
    %flag_set/vec4 14;
    %flag_get/vec4 14;
    %jmp/0 T_1.53, 14;
    %load/vec4 v00000249563b0f40_0;
    %load/vec4 v00000249563aefd0_0;
    %cmp/e;
    %flag_get/vec4 4;
    %and;
T_1.53;
    %flag_set/vec4 13;
    %flag_get/vec4 13;
    %jmp/0 T_1.52, 13;
    %load/vec4 v00000249563b2480_0;
    %load/vec4 v00000249563af9d0_0;
    %cmp/e;
    %flag_get/vec4 4;
    %and;
T_1.52;
    %flag_set/vec4 12;
    %flag_get/vec4 12;
    %jmp/0 T_1.51, 12;
    %load/vec4 v00000249563b2160_0;
    %load/vec4 v00000249563af070_0;
    %cmp/e;
    %flag_get/vec4 4;
    %and;
T_1.51;
    %flag_set/vec4 11;
    %flag_get/vec4 11;
    %jmp/0 T_1.50, 11;
    %load/vec4 v00000249563b1b20_0;
    %load/vec4 v00000249563aff70_0;
    %cmp/e;
    %flag_get/vec4 4;
    %and;
T_1.50;
    %flag_set/vec4 10;
    %flag_get/vec4 10;
    %jmp/0 T_1.49, 10;
    %load/vec4 v00000249563b0fe0_0;
    %load/vec4 v00000249563aec10_0;
    %cmp/e;
    %flag_get/vec4 4;
    %and;
T_1.49;
    %flag_set/vec4 9;
    %flag_get/vec4 9;
    %jmp/0 T_1.48, 9;
    %load/vec4 v00000249563b2200_0;
    %load/vec4 v00000249563afcf0_0;
    %cmp/e;
    %flag_get/vec4 4;
    %and;
T_1.48;
    %flag_set/vec4 8;
    %jmp/0xz  T_1.46, 8;
    %vpi_call/w 3 193 "$display", "PASS w STALL: instr = 0x%8h finalI = 0x%8h", v00000249563af750_0, v00000249563b23e0_0 {0 0 0};
    %jmp T_1.47;
T_1.46 ;
    %vpi_call/w 3 195 "$display", "FAIL w STALL: instr = 0x%8h", v00000249563af750_0 {0 0 0};
T_1.47 ;
    %jmp T_1.45;
T_1.44 ;
    %load/vec4 v00000249563b23e0_0;
    %load/vec4 v00000249563af750_0;
    %cmp/e;
    %flag_get/vec4 4;
    %jmp/0 T_1.76, 4;
    %load/vec4 v00000249563b2520_0;
    %load/vec4 v00000249563b0290_0;
    %cmp/e;
    %flag_get/vec4 4;
    %and;
T_1.76;
    %flag_set/vec4 20;
    %flag_get/vec4 20;
    %jmp/0 T_1.75, 20;
    %load/vec4 v00000249563b1300_0;
    %load/vec4 v00000249563af1b0_0;
    %cmp/e;
    %flag_get/vec4 4;
    %and;
T_1.75;
    %flag_set/vec4 19;
    %flag_get/vec4 19;
    %jmp/0 T_1.74, 19;
    %load/vec4 v00000249563b19e0_0;
    %load/vec4 v00000249563af430_0;
    %cmp/e;
    %flag_get/vec4 4;
    %and;
T_1.74;
    %flag_set/vec4 18;
    %flag_get/vec4 18;
    %jmp/0 T_1.73, 18;
    %load/vec4 v00000249563b2660_0;
    %load/vec4 v00000249563b0470_0;
    %cmp/e;
    %flag_get/vec4 4;
    %and;
T_1.73;
    %flag_set/vec4 17;
    %flag_get/vec4 17;
    %jmp/0 T_1.72, 17;
    %load/vec4 v00000249563b0510_0;
    %load/vec4 v00000249563af110_0;
    %cmp/e;
    %flag_get/vec4 4;
    %and;
T_1.72;
    %flag_set/vec4 16;
    %flag_get/vec4 16;
    %jmp/0 T_1.71, 16;
    %load/vec4 v00000249563b1440_0;
    %load/vec4 v00000249563af890_0;
    %cmp/e;
    %flag_get/vec4 4;
    %and;
T_1.71;
    %flag_set/vec4 15;
    %flag_get/vec4 15;
    %jmp/0 T_1.70, 15;
    %load/vec4 v00000249563b0d60_0;
    %load/vec4 v00000249563afe30_0;
    %cmp/e;
    %flag_get/vec4 4;
    %and;
T_1.70;
    %flag_set/vec4 14;
    %flag_get/vec4 14;
    %jmp/0 T_1.69, 14;
    %load/vec4 v00000249563b0f40_0;
    %load/vec4 v00000249563afd90_0;
    %cmp/e;
    %flag_get/vec4 4;
    %and;
T_1.69;
    %flag_set/vec4 13;
    %flag_get/vec4 13;
    %jmp/0 T_1.68, 13;
    %load/vec4 v00000249563b2480_0;
    %load/vec4 v00000249563afbb0_0;
    %cmp/e;
    %flag_get/vec4 4;
    %and;
T_1.68;
    %flag_set/vec4 12;
    %flag_get/vec4 12;
    %jmp/0 T_1.67, 12;
    %load/vec4 v00000249563b2160_0;
    %load/vec4 v00000249563b0010_0;
    %cmp/e;
    %flag_get/vec4 4;
    %and;
T_1.67;
    %flag_set/vec4 11;
    %flag_get/vec4 11;
    %jmp/0 T_1.66, 11;
    %load/vec4 v00000249563b1b20_0;
    %load/vec4 v00000249563b00b0_0;
    %cmp/e;
    %flag_get/vec4 4;
    %and;
T_1.66;
    %flag_set/vec4 10;
    %flag_get/vec4 10;
    %jmp/0 T_1.65, 10;
    %load/vec4 v00000249563b0fe0_0;
    %load/vec4 v00000249563af250_0;
    %cmp/e;
    %flag_get/vec4 4;
    %and;
T_1.65;
    %flag_set/vec4 9;
    %flag_get/vec4 9;
    %jmp/0 T_1.64, 9;
    %load/vec4 v00000249563b2200_0;
    %load/vec4 v00000249563af6b0_0;
    %cmp/e;
    %flag_get/vec4 4;
    %and;
T_1.64;
    %flag_set/vec4 8;
    %jmp/0xz  T_1.62, 8;
    %vpi_call/w 3 212 "$display", "PASS: instr = 0x%8h", v00000249563af750_0 {0 0 0};
    %jmp T_1.63;
T_1.62 ;
    %vpi_call/w 3 214 "$display", "FAIL: instr = 0x%8h", v00000249563af750_0 {0 0 0};
    %vpi_call/w 3 215 "$display", "exp rtype: %d actual rtype: %d", v00000249563b0290_0, v00000249563b2520_0 {0 0 0};
    %vpi_call/w 3 216 "$display", "exp itype: %d actual itype: %d", v00000249563af1b0_0, v00000249563b1300_0 {0 0 0};
    %vpi_call/w 3 217 "$display", "exp load: %d actual load: %d", v00000249563af430_0, v00000249563b19e0_0 {0 0 0};
    %vpi_call/w 3 218 "$display", "exp store: %d actual store: %d", v00000249563b0470_0, v00000249563b2660_0 {0 0 0};
    %vpi_call/w 3 219 "$display", "exp branch: %d actual rtype: %d", v00000249563af110_0, v00000249563b0510_0 {0 0 0};
    %vpi_call/w 3 220 "$display", "exp jal: %d actual jal: %d", v00000249563af890_0, v00000249563b1440_0 {0 0 0};
    %vpi_call/w 3 221 "$display", "exp jalr: %d actual jalr: %d", v00000249563afe30_0, v00000249563b0d60_0 {0 0 0};
    %vpi_call/w 3 222 "$display", "exp imm: %8h actual imm: %8h", v00000249563afd90_0, v00000249563b0f40_0 {0 0 0};
    %vpi_call/w 3 223 "$display", "exp reg1val: %8h actual reg1val: %8h", v00000249563af250_0, v00000249563b0fe0_0 {0 0 0};
    %vpi_call/w 3 224 "$display", "exp reg2val: %8h actual reg2val: %8h", v00000249563af6b0_0, v00000249563b2200_0 {0 0 0};
    %vpi_call/w 3 225 "$display", "exp reg1: %d actual reg1: %d", v00000249563afbb0_0, v00000249563b2480_0 {0 0 0};
    %vpi_call/w 3 226 "$display", "exp reg2: %d actual reg2: %d", v00000249563b0010_0, v00000249563b2160_0 {0 0 0};
    %vpi_call/w 3 227 "$display", "exp regD: %d actual regD: %d", v00000249563b00b0_0, v00000249563b1b20_0 {0 0 0};
T_1.63 ;
T_1.45 ;
T_1.27 ;
    %end;
    .scope S_000002495627f150;
T_2 ;
Ewait_0 .event/or E_0000024956348860, E_0x0;
    %wait Ewait_0;
    %pushi/vec4 0, 0, 1;
    %store/vec4 v00000249563ae420_0, 0, 1;
    %pushi/vec4 0, 0, 1;
    %store/vec4 v00000249563adca0_0, 0, 1;
    %pushi/vec4 0, 0, 1;
    %store/vec4 v00000249563adb60_0, 0, 1;
    %pushi/vec4 0, 0, 1;
    %store/vec4 v00000249563ae100_0, 0, 1;
    %pushi/vec4 0, 0, 1;
    %store/vec4 v00000249563ae6a0_0, 0, 1;
    %pushi/vec4 0, 0, 1;
    %store/vec4 v00000249563adf20_0, 0, 1;
    %pushi/vec4 0, 0, 1;
    %store/vec4 v00000249563ae920_0, 0, 1;
    %pushi/vec4 0, 0, 32;
    %store/vec4 v00000249563ae880_0, 0, 32;
    %pushi/vec4 0, 0, 5;
    %store/vec4 v00000249563adc00_0, 0, 5;
    %pushi/vec4 0, 0, 5;
    %store/vec4 v00000249563ae4c0_0, 0, 5;
    %pushi/vec4 0, 0, 5;
    %store/vec4 v00000249563ae1a0_0, 0, 5;
    %load/vec4 v00000249563ae060_0;
    %store/vec4 v00000249563adac0_0, 0, 32;
    %load/vec4 v00000249563b0150_0;
    %store/vec4 v00000249563ae9c0_0, 0, 32;
    %pushi/vec4 0, 0, 5;
    %store/vec4 v00000249562620f0_0, 0, 5;
    %pushi/vec4 0, 0, 5;
    %store/vec4 v000002495631eac0_0, 0, 5;
    %load/vec4 v00000249563adfc0_0;
    %flag_set/vec4 8;
    %jmp/1 T_2.2, 8;
    %load/vec4 v00000249561b33f0_0;
    %flag_set/vec4 9;
    %flag_or 8, 9;
T_2.2;
    %jmp/0xz  T_2.0, 8;
    %load/vec4 v00000249563ae240_0;
    %store/vec4 v00000249563adac0_0, 0, 32;
    %pushi/vec4 1, 0, 1;
    %store/vec4 v00000249563ae420_0, 0, 1;
    %jmp T_2.1;
T_2.0 ;
    %load/vec4 v00000249563aef30_0;
    %flag_set/vec4 8;
    %jmp/0xz  T_2.3, 8;
    %load/vec4 v00000249563ae740_0;
    %store/vec4 v00000249563ae420_0, 0, 1;
    %load/vec4 v00000249563afa70_0;
    %store/vec4 v00000249563adca0_0, 0, 1;
    %load/vec4 v00000249563ade80_0;
    %store/vec4 v00000249563adb60_0, 0, 1;
    %load/vec4 v00000249563b06f0_0;
    %store/vec4 v00000249563ae100_0, 0, 1;
    %load/vec4 v000002495631d540_0;
    %store/vec4 v00000249563ae6a0_0, 0, 1;
    %load/vec4 v00000249563ae7e0_0;
    %store/vec4 v00000249563adf20_0, 0, 1;
    %load/vec4 v00000249563ae2e0_0;
    %store/vec4 v00000249563ae920_0, 0, 1;
    %load/vec4 v00000249563adde0_0;
    %store/vec4 v00000249563ae880_0, 0, 32;
    %load/vec4 v00000249563af7f0_0;
    %store/vec4 v00000249563adc00_0, 0, 5;
    %load/vec4 v00000249563afc50_0;
    %store/vec4 v00000249563ae4c0_0, 0, 5;
    %load/vec4 v00000249563aecb0_0;
    %store/vec4 v00000249563ae1a0_0, 0, 5;
    %load/vec4 v00000249563ae560_0;
    %store/vec4 v00000249563adac0_0, 0, 32;
    %load/vec4 v00000249563ae600_0;
    %store/vec4 v00000249563ae9c0_0, 0, 32;
    %load/vec4 v00000249563af7f0_0;
    %store/vec4 v00000249562620f0_0, 0, 5;
    %load/vec4 v00000249563afc50_0;
    %store/vec4 v000002495631eac0_0, 0, 5;
    %jmp T_2.4;
T_2.3 ;
    %load/vec4 v00000249563ae380_0;
    %dup/vec4;
    %pushi/vec4 51, 0, 7;
    %cmp/u;
    %jmp/1 T_2.5, 6;
    %dup/vec4;
    %pushi/vec4 19, 0, 7;
    %cmp/u;
    %jmp/1 T_2.6, 6;
    %dup/vec4;
    %pushi/vec4 3, 0, 7;
    %cmp/u;
    %jmp/1 T_2.7, 6;
    %dup/vec4;
    %pushi/vec4 35, 0, 7;
    %cmp/u;
    %jmp/1 T_2.8, 6;
    %dup/vec4;
    %pushi/vec4 99, 0, 7;
    %cmp/u;
    %jmp/1 T_2.9, 6;
    %dup/vec4;
    %pushi/vec4 111, 0, 7;
    %cmp/u;
    %jmp/1 T_2.10, 6;
    %dup/vec4;
    %pushi/vec4 103, 0, 7;
    %cmp/u;
    %jmp/1 T_2.11, 6;
    %jmp T_2.12;
T_2.5 ;
    %pushi/vec4 1, 0, 1;
    %store/vec4 v00000249563adca0_0, 0, 1;
    %load/vec4 v00000249563ae060_0;
    %parti/s 5, 15, 5;
    %store/vec4 v00000249563adc00_0, 0, 5;
    %load/vec4 v00000249563ae060_0;
    %parti/s 5, 20, 6;
    %store/vec4 v00000249563ae4c0_0, 0, 5;
    %load/vec4 v00000249563ae060_0;
    %parti/s 5, 7, 4;
    %store/vec4 v00000249563ae1a0_0, 0, 5;
    %load/vec4 v00000249563adc00_0;
    %store/vec4 v00000249562620f0_0, 0, 5;
    %load/vec4 v00000249563ae4c0_0;
    %store/vec4 v000002495631eac0_0, 0, 5;
    %jmp T_2.12;
T_2.6 ;
    %pushi/vec4 1, 0, 1;
    %store/vec4 v00000249563ae420_0, 0, 1;
    %load/vec4 v00000249563ae060_0;
    %parti/s 5, 15, 5;
    %store/vec4 v00000249563adc00_0, 0, 5;
    %load/vec4 v00000249563ae060_0;
    %parti/s 5, 7, 4;
    %store/vec4 v00000249563ae1a0_0, 0, 5;
    %load/vec4 v00000249563ae060_0;
    %parti/s 1, 31, 6;
    %replicate 20;
    %load/vec4 v00000249563ae060_0;
    %parti/s 12, 20, 6;
    %concat/vec4; draw_concat_vec4
    %store/vec4 v00000249563ae880_0, 0, 32;
    %load/vec4 v00000249563adc00_0;
    %store/vec4 v00000249562620f0_0, 0, 5;
    %jmp T_2.12;
T_2.7 ;
    %pushi/vec4 1, 0, 1;
    %store/vec4 v00000249563adb60_0, 0, 1;
    %load/vec4 v00000249563ae060_0;
    %parti/s 5, 15, 5;
    %store/vec4 v00000249563adc00_0, 0, 5;
    %load/vec4 v00000249563ae060_0;
    %parti/s 5, 7, 4;
    %store/vec4 v00000249563ae1a0_0, 0, 5;
    %load/vec4 v00000249563ae060_0;
    %parti/s 1, 31, 6;
    %replicate 20;
    %load/vec4 v00000249563ae060_0;
    %parti/s 12, 20, 6;
    %concat/vec4; draw_concat_vec4
    %store/vec4 v00000249563ae880_0, 0, 32;
    %load/vec4 v00000249563adc00_0;
    %store/vec4 v00000249562620f0_0, 0, 5;
    %jmp T_2.12;
T_2.8 ;
    %pushi/vec4 1, 0, 1;
    %store/vec4 v00000249563ae100_0, 0, 1;
    %load/vec4 v00000249563ae060_0;
    %parti/s 5, 15, 5;
    %store/vec4 v00000249563adc00_0, 0, 5;
    %load/vec4 v00000249563ae060_0;
    %parti/s 5, 20, 6;
    %store/vec4 v00000249563ae4c0_0, 0, 5;
    %load/vec4 v00000249563ae060_0;
    %parti/s 1, 31, 6;
    %replicate 20;
    %load/vec4 v00000249563ae060_0;
    %parti/s 7, 25, 6;
    %concat/vec4; draw_concat_vec4
    %load/vec4 v00000249563ae060_0;
    %parti/s 5, 7, 4;
    %concat/vec4; draw_concat_vec4
    %store/vec4 v00000249563ae880_0, 0, 32;
    %load/vec4 v00000249563adc00_0;
    %store/vec4 v00000249562620f0_0, 0, 5;
    %load/vec4 v00000249563ae4c0_0;
    %store/vec4 v000002495631eac0_0, 0, 5;
    %jmp T_2.12;
T_2.9 ;
    %pushi/vec4 1, 0, 1;
    %store/vec4 v00000249563ae6a0_0, 0, 1;
    %load/vec4 v00000249563ae060_0;
    %parti/s 5, 15, 5;
    %store/vec4 v00000249563adc00_0, 0, 5;
    %load/vec4 v00000249563ae060_0;
    %parti/s 5, 20, 6;
    %store/vec4 v00000249563ae4c0_0, 0, 5;
    %load/vec4 v00000249563ae060_0;
    %parti/s 1, 31, 6;
    %replicate 19;
    %load/vec4 v00000249563ae060_0;
    %parti/s 1, 31, 6;
    %concat/vec4; draw_concat_vec4
    %load/vec4 v00000249563ae060_0;
    %parti/s 1, 7, 4;
    %concat/vec4; draw_concat_vec4
    %load/vec4 v00000249563ae060_0;
    %parti/s 6, 25, 6;
    %concat/vec4; draw_concat_vec4
    %load/vec4 v00000249563ae060_0;
    %parti/s 4, 8, 5;
    %concat/vec4; draw_concat_vec4
    %concati/vec4 0, 0, 1;
    %store/vec4 v00000249563ae880_0, 0, 32;
    %load/vec4 v00000249563adc00_0;
    %store/vec4 v00000249562620f0_0, 0, 5;
    %load/vec4 v00000249563ae4c0_0;
    %store/vec4 v000002495631eac0_0, 0, 5;
    %jmp T_2.12;
T_2.10 ;
    %pushi/vec4 1, 0, 1;
    %store/vec4 v00000249563adf20_0, 0, 1;
    %load/vec4 v00000249563ae060_0;
    %parti/s 1, 31, 6;
    %replicate 11;
    %load/vec4 v00000249563ae060_0;
    %parti/s 1, 31, 6;
    %concat/vec4; draw_concat_vec4
    %load/vec4 v00000249563ae060_0;
    %parti/s 8, 12, 5;
    %concat/vec4; draw_concat_vec4
    %load/vec4 v00000249563ae060_0;
    %parti/s 1, 20, 6;
    %concat/vec4; draw_concat_vec4
    %load/vec4 v00000249563ae060_0;
    %parti/s 10, 21, 6;
    %concat/vec4; draw_concat_vec4
    %concati/vec4 0, 0, 1;
    %store/vec4 v00000249563ae880_0, 0, 32;
    %load/vec4 v00000249563ae060_0;
    %parti/s 5, 7, 4;
    %store/vec4 v00000249563ae1a0_0, 0, 5;
    %jmp T_2.12;
T_2.11 ;
    %pushi/vec4 1, 0, 1;
    %store/vec4 v00000249563ae920_0, 0, 1;
    %load/vec4 v00000249563ae060_0;
    %parti/s 5, 15, 5;
    %store/vec4 v00000249563adc00_0, 0, 5;
    %load/vec4 v00000249563ae060_0;
    %parti/s 5, 7, 4;
    %store/vec4 v00000249563ae1a0_0, 0, 5;
    %load/vec4 v00000249563ae060_0;
    %parti/s 1, 31, 6;
    %replicate 20;
    %load/vec4 v00000249563ae060_0;
    %parti/s 12, 20, 6;
    %concat/vec4; draw_concat_vec4
    %store/vec4 v00000249563ae880_0, 0, 32;
    %load/vec4 v00000249563adc00_0;
    %store/vec4 v00000249562620f0_0, 0, 5;
    %jmp T_2.12;
T_2.12 ;
    %pop/vec4 1;
T_2.4 ;
T_2.1 ;
    %jmp T_2;
    .thread T_2, $push;
    .scope S_000002495627f150;
T_3 ;
    %wait E_00000249563480a0;
    %load/vec4 v00000249563aed50_0;
    %flag_set/vec4 8;
    %jmp/0xz  T_3.0, 8;
    %pushi/vec4 1, 0, 1;
    %assign/vec4 v00000249563ae740_0, 0;
    %pushi/vec4 0, 0, 1;
    %assign/vec4 v00000249563afa70_0, 0;
    %pushi/vec4 0, 0, 1;
    %assign/vec4 v00000249563ade80_0, 0;
    %pushi/vec4 0, 0, 1;
    %assign/vec4 v00000249563b06f0_0, 0;
    %pushi/vec4 0, 0, 1;
    %assign/vec4 v000002495631d540_0, 0;
    %pushi/vec4 0, 0, 1;
    %assign/vec4 v00000249563ae7e0_0, 0;
    %pushi/vec4 0, 0, 1;
    %assign/vec4 v00000249563ae2e0_0, 0;
    %pushi/vec4 0, 0, 32;
    %assign/vec4 v00000249563adde0_0, 0;
    %pushi/vec4 0, 0, 5;
    %assign/vec4 v00000249563af7f0_0, 0;
    %pushi/vec4 0, 0, 5;
    %assign/vec4 v00000249563afc50_0, 0;
    %pushi/vec4 0, 0, 5;
    %assign/vec4 v00000249563aecb0_0, 0;
    %pushi/vec4 0, 0, 32;
    %assign/vec4 v00000249563aee90_0, 0;
    %pushi/vec4 0, 0, 32;
    %assign/vec4 v00000249563aeb70_0, 0;
    %load/vec4 v00000249563ae240_0;
    %assign/vec4 v00000249563ae560_0, 0;
    %pushi/vec4 0, 0, 32;
    %assign/vec4 v00000249563ae600_0, 0;
    %jmp T_3.1;
T_3.0 ;
    %load/vec4 v00000249563ae420_0;
    %assign/vec4 v00000249563ae740_0, 0;
    %load/vec4 v00000249563adca0_0;
    %assign/vec4 v00000249563afa70_0, 0;
    %load/vec4 v00000249563adb60_0;
    %assign/vec4 v00000249563ade80_0, 0;
    %load/vec4 v00000249563ae100_0;
    %assign/vec4 v00000249563b06f0_0, 0;
    %load/vec4 v00000249563ae6a0_0;
    %assign/vec4 v000002495631d540_0, 0;
    %load/vec4 v00000249563adf20_0;
    %assign/vec4 v00000249563ae7e0_0, 0;
    %load/vec4 v00000249563ae920_0;
    %assign/vec4 v00000249563ae2e0_0, 0;
    %load/vec4 v00000249563ae880_0;
    %assign/vec4 v00000249563adde0_0, 0;
    %load/vec4 v00000249563adc00_0;
    %assign/vec4 v00000249563af7f0_0, 0;
    %load/vec4 v00000249563ae4c0_0;
    %assign/vec4 v00000249563afc50_0, 0;
    %load/vec4 v00000249563ae1a0_0;
    %assign/vec4 v00000249563aecb0_0, 0;
    %load/vec4 v0000024956209e90_0;
    %assign/vec4 v00000249563aee90_0, 0;
    %load/vec4 v00000249563add40_0;
    %assign/vec4 v00000249563aeb70_0, 0;
    %load/vec4 v00000249563adac0_0;
    %assign/vec4 v00000249563ae560_0, 0;
    %load/vec4 v00000249563ae9c0_0;
    %assign/vec4 v00000249563ae600_0, 0;
T_3.1 ;
    %jmp T_3;
    .thread T_3;
    .scope S_000002495627efc0;
T_4 ;
    %pushi/vec4 0, 0, 1;
    %store/vec4 v00000249563b0650_0, 0, 1;
    %end;
    .thread T_4;
    .scope S_000002495627efc0;
T_5 ;
    %delay 10000, 0;
    %load/vec4 v00000249563b0650_0;
    %inv;
    %store/vec4 v00000249563b0650_0, 0, 1;
    %jmp T_5;
    .thread T_5;
    .scope S_000002495627efc0;
T_6 ;
    %vpi_call/w 3 233 "$dumpfile", "sim/waves.vcd" {0 0 0};
    %vpi_call/w 3 234 "$dumpvars", 32'sb00000000000000000000000000000000, S_000002495627efc0 {0 0 0};
    %fork TD_tb_decode.reset, S_0000024956312940;
    %join;
    %pushi/vec4 7537331, 0, 32;
    %store/vec4 v00000249563af750_0, 0, 32;
    %pushi/vec4 204, 0, 32;
    %store/vec4 v00000249563af930_0, 0, 32;
    %pushi/vec4 1, 0, 1;
    %store/vec4 v00000249563b0290_0, 0, 1;
    %pushi/vec4 0, 0, 1;
    %store/vec4 v00000249563af1b0_0, 0, 1;
    %pushi/vec4 0, 0, 1;
    %store/vec4 v00000249563af430_0, 0, 1;
    %pushi/vec4 0, 0, 1;
    %store/vec4 v00000249563b0470_0, 0, 1;
    %pushi/vec4 0, 0, 1;
    %store/vec4 v00000249563af110_0, 0, 1;
    %pushi/vec4 0, 0, 1;
    %store/vec4 v00000249563af890_0, 0, 1;
    %pushi/vec4 0, 0, 1;
    %store/vec4 v00000249563afe30_0, 0, 1;
    %pushi/vec4 0, 0, 1;
    %store/vec4 v00000249563af390_0, 0, 1;
    %pushi/vec4 0, 0, 1;
    %store/vec4 v00000249563aedf0_0, 0, 1;
    %pushi/vec4 0, 0, 1;
    %store/vec4 v00000249563b0330_0, 0, 1;
    %fork TD_tb_decode.send, S_0000024956312ad0;
    %join;
    %pushi/vec4 1073874483, 0, 32;
    %store/vec4 v00000249563af750_0, 0, 32;
    %pushi/vec4 204, 0, 32;
    %store/vec4 v00000249563af930_0, 0, 32;
    %pushi/vec4 1, 0, 1;
    %store/vec4 v00000249563b0290_0, 0, 1;
    %pushi/vec4 0, 0, 1;
    %store/vec4 v00000249563af1b0_0, 0, 1;
    %pushi/vec4 0, 0, 1;
    %store/vec4 v00000249563af430_0, 0, 1;
    %pushi/vec4 0, 0, 1;
    %store/vec4 v00000249563b0470_0, 0, 1;
    %pushi/vec4 0, 0, 1;
    %store/vec4 v00000249563af110_0, 0, 1;
    %pushi/vec4 0, 0, 1;
    %store/vec4 v00000249563af890_0, 0, 1;
    %pushi/vec4 0, 0, 1;
    %store/vec4 v00000249563afe30_0, 0, 1;
    %pushi/vec4 0, 0, 1;
    %store/vec4 v00000249563af390_0, 0, 1;
    %pushi/vec4 0, 0, 1;
    %store/vec4 v00000249563aedf0_0, 0, 1;
    %pushi/vec4 0, 0, 1;
    %store/vec4 v00000249563b0330_0, 0, 1;
    %fork TD_tb_decode.send, S_0000024956312ad0;
    %join;
    %pushi/vec4 4485171, 0, 32;
    %store/vec4 v00000249563af750_0, 0, 32;
    %pushi/vec4 204, 0, 32;
    %store/vec4 v00000249563af930_0, 0, 32;
    %pushi/vec4 1, 0, 1;
    %store/vec4 v00000249563b0290_0, 0, 1;
    %pushi/vec4 0, 0, 1;
    %store/vec4 v00000249563af1b0_0, 0, 1;
    %pushi/vec4 0, 0, 1;
    %store/vec4 v00000249563af430_0, 0, 1;
    %pushi/vec4 0, 0, 1;
    %store/vec4 v00000249563b0470_0, 0, 1;
    %pushi/vec4 0, 0, 1;
    %store/vec4 v00000249563af110_0, 0, 1;
    %pushi/vec4 0, 0, 1;
    %store/vec4 v00000249563af890_0, 0, 1;
    %pushi/vec4 0, 0, 1;
    %store/vec4 v00000249563afe30_0, 0, 1;
    %pushi/vec4 0, 0, 1;
    %store/vec4 v00000249563af390_0, 0, 1;
    %pushi/vec4 0, 0, 1;
    %store/vec4 v00000249563aedf0_0, 0, 1;
    %pushi/vec4 0, 0, 1;
    %store/vec4 v00000249563b0330_0, 0, 1;
    %fork TD_tb_decode.send, S_0000024956312ad0;
    %join;
    %pushi/vec4 23168019, 0, 32;
    %store/vec4 v00000249563af750_0, 0, 32;
    %pushi/vec4 204, 0, 32;
    %store/vec4 v00000249563af930_0, 0, 32;
    %pushi/vec4 0, 0, 1;
    %store/vec4 v00000249563b0290_0, 0, 1;
    %pushi/vec4 1, 0, 1;
    %store/vec4 v00000249563af1b0_0, 0, 1;
    %pushi/vec4 0, 0, 1;
    %store/vec4 v00000249563af430_0, 0, 1;
    %pushi/vec4 0, 0, 1;
    %store/vec4 v00000249563b0470_0, 0, 1;
    %pushi/vec4 0, 0, 1;
    %store/vec4 v00000249563af110_0, 0, 1;
    %pushi/vec4 0, 0, 1;
    %store/vec4 v00000249563af890_0, 0, 1;
    %pushi/vec4 0, 0, 1;
    %store/vec4 v00000249563afe30_0, 0, 1;
    %pushi/vec4 0, 0, 1;
    %store/vec4 v00000249563af390_0, 0, 1;
    %pushi/vec4 0, 0, 1;
    %store/vec4 v00000249563aedf0_0, 0, 1;
    %pushi/vec4 0, 0, 1;
    %store/vec4 v00000249563b0330_0, 0, 1;
    %fork TD_tb_decode.send, S_0000024956312ad0;
    %join;
    %pushi/vec4 267575699, 0, 32;
    %store/vec4 v00000249563af750_0, 0, 32;
    %pushi/vec4 204, 0, 32;
    %store/vec4 v00000249563af930_0, 0, 32;
    %pushi/vec4 0, 0, 1;
    %store/vec4 v00000249563b0290_0, 0, 1;
    %pushi/vec4 1, 0, 1;
    %store/vec4 v00000249563af1b0_0, 0, 1;
    %pushi/vec4 0, 0, 1;
    %store/vec4 v00000249563af430_0, 0, 1;
    %pushi/vec4 0, 0, 1;
    %store/vec4 v00000249563b0470_0, 0, 1;
    %pushi/vec4 0, 0, 1;
    %store/vec4 v00000249563af110_0, 0, 1;
    %pushi/vec4 0, 0, 1;
    %store/vec4 v00000249563af890_0, 0, 1;
    %pushi/vec4 0, 0, 1;
    %store/vec4 v00000249563afe30_0, 0, 1;
    %pushi/vec4 0, 0, 1;
    %store/vec4 v00000249563af390_0, 0, 1;
    %pushi/vec4 0, 0, 1;
    %store/vec4 v00000249563aedf0_0, 0, 1;
    %pushi/vec4 0, 0, 1;
    %store/vec4 v00000249563b0330_0, 0, 1;
    %fork TD_tb_decode.send, S_0000024956312ad0;
    %join;
    %pushi/vec4 4493587, 0, 32;
    %store/vec4 v00000249563af750_0, 0, 32;
    %pushi/vec4 204, 0, 32;
    %store/vec4 v00000249563af930_0, 0, 32;
    %pushi/vec4 0, 0, 1;
    %store/vec4 v00000249563b0290_0, 0, 1;
    %pushi/vec4 1, 0, 1;
    %store/vec4 v00000249563af1b0_0, 0, 1;
    %pushi/vec4 0, 0, 1;
    %store/vec4 v00000249563af430_0, 0, 1;
    %pushi/vec4 0, 0, 1;
    %store/vec4 v00000249563b0470_0, 0, 1;
    %pushi/vec4 0, 0, 1;
    %store/vec4 v00000249563af110_0, 0, 1;
    %pushi/vec4 0, 0, 1;
    %store/vec4 v00000249563af890_0, 0, 1;
    %pushi/vec4 0, 0, 1;
    %store/vec4 v00000249563afe30_0, 0, 1;
    %pushi/vec4 0, 0, 1;
    %store/vec4 v00000249563af390_0, 0, 1;
    %pushi/vec4 0, 0, 1;
    %store/vec4 v00000249563aedf0_0, 0, 1;
    %pushi/vec4 0, 0, 1;
    %store/vec4 v00000249563b0330_0, 0, 1;
    %fork TD_tb_decode.send, S_0000024956312ad0;
    %join;
    %pushi/vec4 4270339, 0, 32;
    %store/vec4 v00000249563af750_0, 0, 32;
    %pushi/vec4 204, 0, 32;
    %store/vec4 v00000249563af930_0, 0, 32;
    %pushi/vec4 0, 0, 1;
    %store/vec4 v00000249563b0290_0, 0, 1;
    %pushi/vec4 0, 0, 1;
    %store/vec4 v00000249563af1b0_0, 0, 1;
    %pushi/vec4 1, 0, 1;
    %store/vec4 v00000249563af430_0, 0, 1;
    %pushi/vec4 0, 0, 1;
    %store/vec4 v00000249563b0470_0, 0, 1;
    %pushi/vec4 0, 0, 1;
    %store/vec4 v00000249563af110_0, 0, 1;
    %pushi/vec4 0, 0, 1;
    %store/vec4 v00000249563af890_0, 0, 1;
    %pushi/vec4 0, 0, 1;
    %store/vec4 v00000249563afe30_0, 0, 1;
    %pushi/vec4 0, 0, 1;
    %store/vec4 v00000249563af390_0, 0, 1;
    %pushi/vec4 0, 0, 1;
    %store/vec4 v00000249563aedf0_0, 0, 1;
    %pushi/vec4 0, 0, 1;
    %store/vec4 v00000249563b0330_0, 0, 1;
    %fork TD_tb_decode.send, S_0000024956312ad0;
    %join;
    %pushi/vec4 12886659, 0, 32;
    %store/vec4 v00000249563af750_0, 0, 32;
    %pushi/vec4 204, 0, 32;
    %store/vec4 v00000249563af930_0, 0, 32;
    %pushi/vec4 0, 0, 1;
    %store/vec4 v00000249563b0290_0, 0, 1;
    %pushi/vec4 0, 0, 1;
    %store/vec4 v00000249563af1b0_0, 0, 1;
    %pushi/vec4 1, 0, 1;
    %store/vec4 v00000249563af430_0, 0, 1;
    %pushi/vec4 0, 0, 1;
    %store/vec4 v00000249563b0470_0, 0, 1;
    %pushi/vec4 0, 0, 1;
    %store/vec4 v00000249563af110_0, 0, 1;
    %pushi/vec4 0, 0, 1;
    %store/vec4 v00000249563af890_0, 0, 1;
    %pushi/vec4 0, 0, 1;
    %store/vec4 v00000249563afe30_0, 0, 1;
    %pushi/vec4 0, 0, 1;
    %store/vec4 v00000249563af390_0, 0, 1;
    %pushi/vec4 0, 0, 1;
    %store/vec4 v00000249563aedf0_0, 0, 1;
    %pushi/vec4 0, 0, 1;
    %store/vec4 v00000249563b0330_0, 0, 1;
    %fork TD_tb_decode.send, S_0000024956312ad0;
    %join;
    %pushi/vec4 8195, 0, 32;
    %store/vec4 v00000249563af750_0, 0, 32;
    %pushi/vec4 204, 0, 32;
    %store/vec4 v00000249563af930_0, 0, 32;
    %pushi/vec4 0, 0, 1;
    %store/vec4 v00000249563b0290_0, 0, 1;
    %pushi/vec4 0, 0, 1;
    %store/vec4 v00000249563af1b0_0, 0, 1;
    %pushi/vec4 1, 0, 1;
    %store/vec4 v00000249563af430_0, 0, 1;
    %pushi/vec4 0, 0, 1;
    %store/vec4 v00000249563b0470_0, 0, 1;
    %pushi/vec4 0, 0, 1;
    %store/vec4 v00000249563af110_0, 0, 1;
    %pushi/vec4 0, 0, 1;
    %store/vec4 v00000249563af890_0, 0, 1;
    %pushi/vec4 0, 0, 1;
    %store/vec4 v00000249563afe30_0, 0, 1;
    %pushi/vec4 0, 0, 1;
    %store/vec4 v00000249563af390_0, 0, 1;
    %pushi/vec4 0, 0, 1;
    %store/vec4 v00000249563aedf0_0, 0, 1;
    %pushi/vec4 0, 0, 1;
    %store/vec4 v00000249563b0330_0, 0, 1;
    %fork TD_tb_decode.send, S_0000024956312ad0;
    %join;
    %pushi/vec4 3221027, 0, 32;
    %store/vec4 v00000249563af750_0, 0, 32;
    %pushi/vec4 204, 0, 32;
    %store/vec4 v00000249563af930_0, 0, 32;
    %pushi/vec4 0, 0, 1;
    %store/vec4 v00000249563b0290_0, 0, 1;
    %pushi/vec4 0, 0, 1;
    %store/vec4 v00000249563af1b0_0, 0, 1;
    %pushi/vec4 0, 0, 1;
    %store/vec4 v00000249563af430_0, 0, 1;
    %pushi/vec4 1, 0, 1;
    %store/vec4 v00000249563b0470_0, 0, 1;
    %pushi/vec4 0, 0, 1;
    %store/vec4 v00000249563af110_0, 0, 1;
    %pushi/vec4 0, 0, 1;
    %store/vec4 v00000249563af890_0, 0, 1;
    %pushi/vec4 0, 0, 1;
    %store/vec4 v00000249563afe30_0, 0, 1;
    %pushi/vec4 0, 0, 1;
    %store/vec4 v00000249563af390_0, 0, 1;
    %pushi/vec4 0, 0, 1;
    %store/vec4 v00000249563aedf0_0, 0, 1;
    %pushi/vec4 0, 0, 1;
    %store/vec4 v00000249563b0330_0, 0, 1;
    %fork TD_tb_decode.send, S_0000024956312ad0;
    %join;
    %pushi/vec4 29958691, 0, 32;
    %store/vec4 v00000249563af750_0, 0, 32;
    %pushi/vec4 204, 0, 32;
    %store/vec4 v00000249563af930_0, 0, 32;
    %pushi/vec4 0, 0, 1;
    %store/vec4 v00000249563b0290_0, 0, 1;
    %pushi/vec4 0, 0, 1;
    %store/vec4 v00000249563af1b0_0, 0, 1;
    %pushi/vec4 0, 0, 1;
    %store/vec4 v00000249563af430_0, 0, 1;
    %pushi/vec4 1, 0, 1;
    %store/vec4 v00000249563b0470_0, 0, 1;
    %pushi/vec4 0, 0, 1;
    %store/vec4 v00000249563af110_0, 0, 1;
    %pushi/vec4 0, 0, 1;
    %store/vec4 v00000249563af890_0, 0, 1;
    %pushi/vec4 0, 0, 1;
    %store/vec4 v00000249563afe30_0, 0, 1;
    %pushi/vec4 0, 0, 1;
    %store/vec4 v00000249563af390_0, 0, 1;
    %pushi/vec4 0, 0, 1;
    %store/vec4 v00000249563aedf0_0, 0, 1;
    %pushi/vec4 0, 0, 1;
    %store/vec4 v00000249563b0330_0, 0, 1;
    %fork TD_tb_decode.send, S_0000024956312ad0;
    %join;
    %pushi/vec4 25175075, 0, 32;
    %store/vec4 v00000249563af750_0, 0, 32;
    %pushi/vec4 204, 0, 32;
    %store/vec4 v00000249563af930_0, 0, 32;
    %pushi/vec4 0, 0, 1;
    %store/vec4 v00000249563b0290_0, 0, 1;
    %pushi/vec4 0, 0, 1;
    %store/vec4 v00000249563af1b0_0, 0, 1;
    %pushi/vec4 0, 0, 1;
    %store/vec4 v00000249563af430_0, 0, 1;
    %pushi/vec4 1, 0, 1;
    %store/vec4 v00000249563b0470_0, 0, 1;
    %pushi/vec4 0, 0, 1;
    %store/vec4 v00000249563af110_0, 0, 1;
    %pushi/vec4 0, 0, 1;
    %store/vec4 v00000249563af890_0, 0, 1;
    %pushi/vec4 0, 0, 1;
    %store/vec4 v00000249563afe30_0, 0, 1;
    %pushi/vec4 0, 0, 1;
    %store/vec4 v00000249563af390_0, 0, 1;
    %pushi/vec4 0, 0, 1;
    %store/vec4 v00000249563aedf0_0, 0, 1;
    %pushi/vec4 0, 0, 1;
    %store/vec4 v00000249563b0330_0, 0, 1;
    %fork TD_tb_decode.send, S_0000024956312ad0;
    %join;
    %pushi/vec4 4269868259, 0, 32;
    %store/vec4 v00000249563af750_0, 0, 32;
    %pushi/vec4 204, 0, 32;
    %store/vec4 v00000249563af930_0, 0, 32;
    %pushi/vec4 0, 0, 1;
    %store/vec4 v00000249563b0290_0, 0, 1;
    %pushi/vec4 0, 0, 1;
    %store/vec4 v00000249563af1b0_0, 0, 1;
    %pushi/vec4 0, 0, 1;
    %store/vec4 v00000249563af430_0, 0, 1;
    %pushi/vec4 0, 0, 1;
    %store/vec4 v00000249563b0470_0, 0, 1;
    %pushi/vec4 1, 0, 1;
    %store/vec4 v00000249563af110_0, 0, 1;
    %pushi/vec4 0, 0, 1;
    %store/vec4 v00000249563af890_0, 0, 1;
    %pushi/vec4 0, 0, 1;
    %store/vec4 v00000249563afe30_0, 0, 1;
    %pushi/vec4 0, 0, 1;
    %store/vec4 v00000249563af390_0, 0, 1;
    %pushi/vec4 0, 0, 1;
    %store/vec4 v00000249563aedf0_0, 0, 1;
    %pushi/vec4 0, 0, 1;
    %store/vec4 v00000249563b0330_0, 0, 1;
    %fork TD_tb_decode.send, S_0000024956312ad0;
    %join;
    %pushi/vec4 4268758755, 0, 32;
    %store/vec4 v00000249563af750_0, 0, 32;
    %pushi/vec4 204, 0, 32;
    %store/vec4 v00000249563af930_0, 0, 32;
    %pushi/vec4 0, 0, 1;
    %store/vec4 v00000249563b0290_0, 0, 1;
    %pushi/vec4 0, 0, 1;
    %store/vec4 v00000249563af1b0_0, 0, 1;
    %pushi/vec4 0, 0, 1;
    %store/vec4 v00000249563af430_0, 0, 1;
    %pushi/vec4 0, 0, 1;
    %store/vec4 v00000249563b0470_0, 0, 1;
    %pushi/vec4 1, 0, 1;
    %store/vec4 v00000249563af110_0, 0, 1;
    %pushi/vec4 0, 0, 1;
    %store/vec4 v00000249563af890_0, 0, 1;
    %pushi/vec4 0, 0, 1;
    %store/vec4 v00000249563afe30_0, 0, 1;
    %pushi/vec4 0, 0, 1;
    %store/vec4 v00000249563af390_0, 0, 1;
    %pushi/vec4 0, 0, 1;
    %store/vec4 v00000249563aedf0_0, 0, 1;
    %pushi/vec4 0, 0, 1;
    %store/vec4 v00000249563b0330_0, 0, 1;
    %fork TD_tb_decode.send, S_0000024956312ad0;
    %join;
    %pushi/vec4 4272082659, 0, 32;
    %store/vec4 v00000249563af750_0, 0, 32;
    %pushi/vec4 204, 0, 32;
    %store/vec4 v00000249563af930_0, 0, 32;
    %pushi/vec4 0, 0, 1;
    %store/vec4 v00000249563b0290_0, 0, 1;
    %pushi/vec4 0, 0, 1;
    %store/vec4 v00000249563af1b0_0, 0, 1;
    %pushi/vec4 0, 0, 1;
    %store/vec4 v00000249563af430_0, 0, 1;
    %pushi/vec4 0, 0, 1;
    %store/vec4 v00000249563b0470_0, 0, 1;
    %pushi/vec4 1, 0, 1;
    %store/vec4 v00000249563af110_0, 0, 1;
    %pushi/vec4 0, 0, 1;
    %store/vec4 v00000249563af890_0, 0, 1;
    %pushi/vec4 0, 0, 1;
    %store/vec4 v00000249563afe30_0, 0, 1;
    %pushi/vec4 0, 0, 1;
    %store/vec4 v00000249563af390_0, 0, 1;
    %pushi/vec4 0, 0, 1;
    %store/vec4 v00000249563aedf0_0, 0, 1;
    %pushi/vec4 0, 0, 1;
    %store/vec4 v00000249563b0330_0, 0, 1;
    %fork TD_tb_decode.send, S_0000024956312ad0;
    %join;
    %pushi/vec4 4259312751, 0, 32;
    %store/vec4 v00000249563af750_0, 0, 32;
    %pushi/vec4 204, 0, 32;
    %store/vec4 v00000249563af930_0, 0, 32;
    %pushi/vec4 0, 0, 1;
    %store/vec4 v00000249563b0290_0, 0, 1;
    %pushi/vec4 0, 0, 1;
    %store/vec4 v00000249563af1b0_0, 0, 1;
    %pushi/vec4 0, 0, 1;
    %store/vec4 v00000249563af430_0, 0, 1;
    %pushi/vec4 0, 0, 1;
    %store/vec4 v00000249563b0470_0, 0, 1;
    %pushi/vec4 0, 0, 1;
    %store/vec4 v00000249563af110_0, 0, 1;
    %pushi/vec4 1, 0, 1;
    %store/vec4 v00000249563af890_0, 0, 1;
    %pushi/vec4 0, 0, 1;
    %store/vec4 v00000249563afe30_0, 0, 1;
    %pushi/vec4 0, 0, 1;
    %store/vec4 v00000249563af390_0, 0, 1;
    %pushi/vec4 0, 0, 1;
    %store/vec4 v00000249563aedf0_0, 0, 1;
    %pushi/vec4 0, 0, 1;
    %store/vec4 v00000249563b0330_0, 0, 1;
    %fork TD_tb_decode.send, S_0000024956312ad0;
    %join;
    %pushi/vec4 4263506031, 0, 32;
    %store/vec4 v00000249563af750_0, 0, 32;
    %pushi/vec4 204, 0, 32;
    %store/vec4 v00000249563af930_0, 0, 32;
    %pushi/vec4 0, 0, 1;
    %store/vec4 v00000249563b0290_0, 0, 1;
    %pushi/vec4 0, 0, 1;
    %store/vec4 v00000249563af1b0_0, 0, 1;
    %pushi/vec4 0, 0, 1;
    %store/vec4 v00000249563af430_0, 0, 1;
    %pushi/vec4 0, 0, 1;
    %store/vec4 v00000249563b0470_0, 0, 1;
    %pushi/vec4 0, 0, 1;
    %store/vec4 v00000249563af110_0, 0, 1;
    %pushi/vec4 1, 0, 1;
    %store/vec4 v00000249563af890_0, 0, 1;
    %pushi/vec4 0, 0, 1;
    %store/vec4 v00000249563afe30_0, 0, 1;
    %pushi/vec4 0, 0, 1;
    %store/vec4 v00000249563af390_0, 0, 1;
    %pushi/vec4 0, 0, 1;
    %store/vec4 v00000249563aedf0_0, 0, 1;
    %pushi/vec4 0, 0, 1;
    %store/vec4 v00000249563b0330_0, 0, 1;
    %fork TD_tb_decode.send, S_0000024956312ad0;
    %join;
    %pushi/vec4 4280287087, 0, 32;
    %store/vec4 v00000249563af750_0, 0, 32;
    %pushi/vec4 204, 0, 32;
    %store/vec4 v00000249563af930_0, 0, 32;
    %pushi/vec4 0, 0, 1;
    %store/vec4 v00000249563b0290_0, 0, 1;
    %pushi/vec4 0, 0, 1;
    %store/vec4 v00000249563af1b0_0, 0, 1;
    %pushi/vec4 0, 0, 1;
    %store/vec4 v00000249563af430_0, 0, 1;
    %pushi/vec4 0, 0, 1;
    %store/vec4 v00000249563b0470_0, 0, 1;
    %pushi/vec4 0, 0, 1;
    %store/vec4 v00000249563af110_0, 0, 1;
    %pushi/vec4 1, 0, 1;
    %store/vec4 v00000249563af890_0, 0, 1;
    %pushi/vec4 0, 0, 1;
    %store/vec4 v00000249563afe30_0, 0, 1;
    %pushi/vec4 0, 0, 1;
    %store/vec4 v00000249563af390_0, 0, 1;
    %pushi/vec4 0, 0, 1;
    %store/vec4 v00000249563aedf0_0, 0, 1;
    %pushi/vec4 0, 0, 1;
    %store/vec4 v00000249563b0330_0, 0, 1;
    %fork TD_tb_decode.send, S_0000024956312ad0;
    %join;
    %pushi/vec4 263271, 0, 32;
    %store/vec4 v00000249563af750_0, 0, 32;
    %pushi/vec4 204, 0, 32;
    %store/vec4 v00000249563af930_0, 0, 32;
    %pushi/vec4 0, 0, 1;
    %store/vec4 v00000249563b0290_0, 0, 1;
    %pushi/vec4 0, 0, 1;
    %store/vec4 v00000249563af1b0_0, 0, 1;
    %pushi/vec4 0, 0, 1;
    %store/vec4 v00000249563af430_0, 0, 1;
    %pushi/vec4 0, 0, 1;
    %store/vec4 v00000249563b0470_0, 0, 1;
    %pushi/vec4 0, 0, 1;
    %store/vec4 v00000249563af110_0, 0, 1;
    %pushi/vec4 0, 0, 1;
    %store/vec4 v00000249563af890_0, 0, 1;
    %pushi/vec4 1, 0, 1;
    %store/vec4 v00000249563afe30_0, 0, 1;
    %pushi/vec4 0, 0, 1;
    %store/vec4 v00000249563af390_0, 0, 1;
    %pushi/vec4 0, 0, 1;
    %store/vec4 v00000249563aedf0_0, 0, 1;
    %pushi/vec4 0, 0, 1;
    %store/vec4 v00000249563b0330_0, 0, 1;
    %fork TD_tb_decode.send, S_0000024956312ad0;
    %join;
    %pushi/vec4 4817511, 0, 32;
    %store/vec4 v00000249563af750_0, 0, 32;
    %pushi/vec4 204, 0, 32;
    %store/vec4 v00000249563af930_0, 0, 32;
    %pushi/vec4 0, 0, 1;
    %store/vec4 v00000249563b0290_0, 0, 1;
    %pushi/vec4 0, 0, 1;
    %store/vec4 v00000249563af1b0_0, 0, 1;
    %pushi/vec4 0, 0, 1;
    %store/vec4 v00000249563af430_0, 0, 1;
    %pushi/vec4 0, 0, 1;
    %store/vec4 v00000249563b0470_0, 0, 1;
    %pushi/vec4 0, 0, 1;
    %store/vec4 v00000249563af110_0, 0, 1;
    %pushi/vec4 0, 0, 1;
    %store/vec4 v00000249563af890_0, 0, 1;
    %pushi/vec4 1, 0, 1;
    %store/vec4 v00000249563afe30_0, 0, 1;
    %pushi/vec4 0, 0, 1;
    %store/vec4 v00000249563af390_0, 0, 1;
    %pushi/vec4 0, 0, 1;
    %store/vec4 v00000249563aedf0_0, 0, 1;
    %pushi/vec4 0, 0, 1;
    %store/vec4 v00000249563b0330_0, 0, 1;
    %fork TD_tb_decode.send, S_0000024956312ad0;
    %join;
    %pushi/vec4 17173863, 0, 32;
    %store/vec4 v00000249563af750_0, 0, 32;
    %pushi/vec4 204, 0, 32;
    %store/vec4 v00000249563af930_0, 0, 32;
    %pushi/vec4 0, 0, 1;
    %store/vec4 v00000249563b0290_0, 0, 1;
    %pushi/vec4 0, 0, 1;
    %store/vec4 v00000249563af1b0_0, 0, 1;
    %pushi/vec4 0, 0, 1;
    %store/vec4 v00000249563af430_0, 0, 1;
    %pushi/vec4 0, 0, 1;
    %store/vec4 v00000249563b0470_0, 0, 1;
    %pushi/vec4 0, 0, 1;
    %store/vec4 v00000249563af110_0, 0, 1;
    %pushi/vec4 0, 0, 1;
    %store/vec4 v00000249563af890_0, 0, 1;
    %pushi/vec4 1, 0, 1;
    %store/vec4 v00000249563afe30_0, 0, 1;
    %pushi/vec4 0, 0, 1;
    %store/vec4 v00000249563af390_0, 0, 1;
    %pushi/vec4 0, 0, 1;
    %store/vec4 v00000249563aedf0_0, 0, 1;
    %pushi/vec4 0, 0, 1;
    %store/vec4 v00000249563b0330_0, 0, 1;
    %fork TD_tb_decode.send, S_0000024956312ad0;
    %join;
    %pushi/vec4 7537331, 0, 32;
    %store/vec4 v00000249563af750_0, 0, 32;
    %pushi/vec4 204, 0, 32;
    %store/vec4 v00000249563af930_0, 0, 32;
    %pushi/vec4 1, 0, 1;
    %store/vec4 v00000249563b0290_0, 0, 1;
    %pushi/vec4 0, 0, 1;
    %store/vec4 v00000249563af1b0_0, 0, 1;
    %pushi/vec4 0, 0, 1;
    %store/vec4 v00000249563af430_0, 0, 1;
    %pushi/vec4 0, 0, 1;
    %store/vec4 v00000249563b0470_0, 0, 1;
    %pushi/vec4 0, 0, 1;
    %store/vec4 v00000249563af110_0, 0, 1;
    %pushi/vec4 0, 0, 1;
    %store/vec4 v00000249563af890_0, 0, 1;
    %pushi/vec4 0, 0, 1;
    %store/vec4 v00000249563afe30_0, 0, 1;
    %pushi/vec4 1, 0, 1;
    %store/vec4 v00000249563af390_0, 0, 1;
    %pushi/vec4 0, 0, 1;
    %store/vec4 v00000249563aedf0_0, 0, 1;
    %pushi/vec4 0, 0, 1;
    %store/vec4 v00000249563b0330_0, 0, 1;
    %fork TD_tb_decode.send, S_0000024956312ad0;
    %join;
    %pushi/vec4 1073874483, 0, 32;
    %store/vec4 v00000249563af750_0, 0, 32;
    %pushi/vec4 204, 0, 32;
    %store/vec4 v00000249563af930_0, 0, 32;
    %pushi/vec4 1, 0, 1;
    %store/vec4 v00000249563b0290_0, 0, 1;
    %pushi/vec4 0, 0, 1;
    %store/vec4 v00000249563af1b0_0, 0, 1;
    %pushi/vec4 0, 0, 1;
    %store/vec4 v00000249563af430_0, 0, 1;
    %pushi/vec4 0, 0, 1;
    %store/vec4 v00000249563b0470_0, 0, 1;
    %pushi/vec4 0, 0, 1;
    %store/vec4 v00000249563af110_0, 0, 1;
    %pushi/vec4 0, 0, 1;
    %store/vec4 v00000249563af890_0, 0, 1;
    %pushi/vec4 0, 0, 1;
    %store/vec4 v00000249563afe30_0, 0, 1;
    %pushi/vec4 0, 0, 1;
    %store/vec4 v00000249563af390_0, 0, 1;
    %pushi/vec4 1, 0, 1;
    %store/vec4 v00000249563aedf0_0, 0, 1;
    %pushi/vec4 0, 0, 1;
    %store/vec4 v00000249563b0330_0, 0, 1;
    %fork TD_tb_decode.send, S_0000024956312ad0;
    %join;
    %pushi/vec4 4485171, 0, 32;
    %store/vec4 v00000249563af750_0, 0, 32;
    %pushi/vec4 204, 0, 32;
    %store/vec4 v00000249563af930_0, 0, 32;
    %pushi/vec4 1, 0, 1;
    %store/vec4 v00000249563b0290_0, 0, 1;
    %pushi/vec4 0, 0, 1;
    %store/vec4 v00000249563af1b0_0, 0, 1;
    %pushi/vec4 0, 0, 1;
    %store/vec4 v00000249563af430_0, 0, 1;
    %pushi/vec4 0, 0, 1;
    %store/vec4 v00000249563b0470_0, 0, 1;
    %pushi/vec4 0, 0, 1;
    %store/vec4 v00000249563af110_0, 0, 1;
    %pushi/vec4 0, 0, 1;
    %store/vec4 v00000249563af890_0, 0, 1;
    %pushi/vec4 0, 0, 1;
    %store/vec4 v00000249563afe30_0, 0, 1;
    %pushi/vec4 0, 0, 1;
    %store/vec4 v00000249563af390_0, 0, 1;
    %pushi/vec4 0, 0, 1;
    %store/vec4 v00000249563aedf0_0, 0, 1;
    %pushi/vec4 1, 0, 1;
    %store/vec4 v00000249563b0330_0, 0, 1;
    %fork TD_tb_decode.send, S_0000024956312ad0;
    %join;
    %pushi/vec4 23168019, 0, 32;
    %store/vec4 v00000249563af750_0, 0, 32;
    %pushi/vec4 204, 0, 32;
    %store/vec4 v00000249563af930_0, 0, 32;
    %pushi/vec4 0, 0, 1;
    %store/vec4 v00000249563b0290_0, 0, 1;
    %pushi/vec4 1, 0, 1;
    %store/vec4 v00000249563af1b0_0, 0, 1;
    %pushi/vec4 0, 0, 1;
    %store/vec4 v00000249563af430_0, 0, 1;
    %pushi/vec4 0, 0, 1;
    %store/vec4 v00000249563b0470_0, 0, 1;
    %pushi/vec4 0, 0, 1;
    %store/vec4 v00000249563af110_0, 0, 1;
    %pushi/vec4 0, 0, 1;
    %store/vec4 v00000249563af890_0, 0, 1;
    %pushi/vec4 0, 0, 1;
    %store/vec4 v00000249563afe30_0, 0, 1;
    %pushi/vec4 1, 0, 1;
    %store/vec4 v00000249563af390_0, 0, 1;
    %pushi/vec4 0, 0, 1;
    %store/vec4 v00000249563aedf0_0, 0, 1;
    %pushi/vec4 0, 0, 1;
    %store/vec4 v00000249563b0330_0, 0, 1;
    %fork TD_tb_decode.send, S_0000024956312ad0;
    %join;
    %pushi/vec4 267575699, 0, 32;
    %store/vec4 v00000249563af750_0, 0, 32;
    %pushi/vec4 204, 0, 32;
    %store/vec4 v00000249563af930_0, 0, 32;
    %pushi/vec4 0, 0, 1;
    %store/vec4 v00000249563b0290_0, 0, 1;
    %pushi/vec4 1, 0, 1;
    %store/vec4 v00000249563af1b0_0, 0, 1;
    %pushi/vec4 0, 0, 1;
    %store/vec4 v00000249563af430_0, 0, 1;
    %pushi/vec4 0, 0, 1;
    %store/vec4 v00000249563b0470_0, 0, 1;
    %pushi/vec4 0, 0, 1;
    %store/vec4 v00000249563af110_0, 0, 1;
    %pushi/vec4 0, 0, 1;
    %store/vec4 v00000249563af890_0, 0, 1;
    %pushi/vec4 0, 0, 1;
    %store/vec4 v00000249563afe30_0, 0, 1;
    %pushi/vec4 0, 0, 1;
    %store/vec4 v00000249563af390_0, 0, 1;
    %pushi/vec4 1, 0, 1;
    %store/vec4 v00000249563aedf0_0, 0, 1;
    %pushi/vec4 0, 0, 1;
    %store/vec4 v00000249563b0330_0, 0, 1;
    %fork TD_tb_decode.send, S_0000024956312ad0;
    %join;
    %pushi/vec4 4493587, 0, 32;
    %store/vec4 v00000249563af750_0, 0, 32;
    %pushi/vec4 204, 0, 32;
    %store/vec4 v00000249563af930_0, 0, 32;
    %pushi/vec4 0, 0, 1;
    %store/vec4 v00000249563b0290_0, 0, 1;
    %pushi/vec4 1, 0, 1;
    %store/vec4 v00000249563af1b0_0, 0, 1;
    %pushi/vec4 0, 0, 1;
    %store/vec4 v00000249563af430_0, 0, 1;
    %pushi/vec4 0, 0, 1;
    %store/vec4 v00000249563b0470_0, 0, 1;
    %pushi/vec4 0, 0, 1;
    %store/vec4 v00000249563af110_0, 0, 1;
    %pushi/vec4 0, 0, 1;
    %store/vec4 v00000249563af890_0, 0, 1;
    %pushi/vec4 0, 0, 1;
    %store/vec4 v00000249563afe30_0, 0, 1;
    %pushi/vec4 0, 0, 1;
    %store/vec4 v00000249563af390_0, 0, 1;
    %pushi/vec4 0, 0, 1;
    %store/vec4 v00000249563aedf0_0, 0, 1;
    %pushi/vec4 1, 0, 1;
    %store/vec4 v00000249563b0330_0, 0, 1;
    %fork TD_tb_decode.send, S_0000024956312ad0;
    %join;
    %pushi/vec4 4270339, 0, 32;
    %store/vec4 v00000249563af750_0, 0, 32;
    %pushi/vec4 204, 0, 32;
    %store/vec4 v00000249563af930_0, 0, 32;
    %pushi/vec4 0, 0, 1;
    %store/vec4 v00000249563b0290_0, 0, 1;
    %pushi/vec4 0, 0, 1;
    %store/vec4 v00000249563af1b0_0, 0, 1;
    %pushi/vec4 1, 0, 1;
    %store/vec4 v00000249563af430_0, 0, 1;
    %pushi/vec4 0, 0, 1;
    %store/vec4 v00000249563b0470_0, 0, 1;
    %pushi/vec4 0, 0, 1;
    %store/vec4 v00000249563af110_0, 0, 1;
    %pushi/vec4 0, 0, 1;
    %store/vec4 v00000249563af890_0, 0, 1;
    %pushi/vec4 0, 0, 1;
    %store/vec4 v00000249563afe30_0, 0, 1;
    %pushi/vec4 1, 0, 1;
    %store/vec4 v00000249563af390_0, 0, 1;
    %pushi/vec4 0, 0, 1;
    %store/vec4 v00000249563aedf0_0, 0, 1;
    %pushi/vec4 0, 0, 1;
    %store/vec4 v00000249563b0330_0, 0, 1;
    %fork TD_tb_decode.send, S_0000024956312ad0;
    %join;
    %pushi/vec4 12886659, 0, 32;
    %store/vec4 v00000249563af750_0, 0, 32;
    %pushi/vec4 204, 0, 32;
    %store/vec4 v00000249563af930_0, 0, 32;
    %pushi/vec4 0, 0, 1;
    %store/vec4 v00000249563b0290_0, 0, 1;
    %pushi/vec4 0, 0, 1;
    %store/vec4 v00000249563af1b0_0, 0, 1;
    %pushi/vec4 1, 0, 1;
    %store/vec4 v00000249563af430_0, 0, 1;
    %pushi/vec4 0, 0, 1;
    %store/vec4 v00000249563b0470_0, 0, 1;
    %pushi/vec4 0, 0, 1;
    %store/vec4 v00000249563af110_0, 0, 1;
    %pushi/vec4 0, 0, 1;
    %store/vec4 v00000249563af890_0, 0, 1;
    %pushi/vec4 0, 0, 1;
    %store/vec4 v00000249563afe30_0, 0, 1;
    %pushi/vec4 0, 0, 1;
    %store/vec4 v00000249563af390_0, 0, 1;
    %pushi/vec4 1, 0, 1;
    %store/vec4 v00000249563aedf0_0, 0, 1;
    %pushi/vec4 0, 0, 1;
    %store/vec4 v00000249563b0330_0, 0, 1;
    %fork TD_tb_decode.send, S_0000024956312ad0;
    %join;
    %pushi/vec4 8195, 0, 32;
    %store/vec4 v00000249563af750_0, 0, 32;
    %pushi/vec4 204, 0, 32;
    %store/vec4 v00000249563af930_0, 0, 32;
    %pushi/vec4 0, 0, 1;
    %store/vec4 v00000249563b0290_0, 0, 1;
    %pushi/vec4 0, 0, 1;
    %store/vec4 v00000249563af1b0_0, 0, 1;
    %pushi/vec4 1, 0, 1;
    %store/vec4 v00000249563af430_0, 0, 1;
    %pushi/vec4 0, 0, 1;
    %store/vec4 v00000249563b0470_0, 0, 1;
    %pushi/vec4 0, 0, 1;
    %store/vec4 v00000249563af110_0, 0, 1;
    %pushi/vec4 0, 0, 1;
    %store/vec4 v00000249563af890_0, 0, 1;
    %pushi/vec4 0, 0, 1;
    %store/vec4 v00000249563afe30_0, 0, 1;
    %pushi/vec4 0, 0, 1;
    %store/vec4 v00000249563af390_0, 0, 1;
    %pushi/vec4 0, 0, 1;
    %store/vec4 v00000249563aedf0_0, 0, 1;
    %pushi/vec4 1, 0, 1;
    %store/vec4 v00000249563b0330_0, 0, 1;
    %fork TD_tb_decode.send, S_0000024956312ad0;
    %join;
    %pushi/vec4 3221027, 0, 32;
    %store/vec4 v00000249563af750_0, 0, 32;
    %pushi/vec4 204, 0, 32;
    %store/vec4 v00000249563af930_0, 0, 32;
    %pushi/vec4 0, 0, 1;
    %store/vec4 v00000249563b0290_0, 0, 1;
    %pushi/vec4 0, 0, 1;
    %store/vec4 v00000249563af1b0_0, 0, 1;
    %pushi/vec4 0, 0, 1;
    %store/vec4 v00000249563af430_0, 0, 1;
    %pushi/vec4 1, 0, 1;
    %store/vec4 v00000249563b0470_0, 0, 1;
    %pushi/vec4 0, 0, 1;
    %store/vec4 v00000249563af110_0, 0, 1;
    %pushi/vec4 0, 0, 1;
    %store/vec4 v00000249563af890_0, 0, 1;
    %pushi/vec4 0, 0, 1;
    %store/vec4 v00000249563afe30_0, 0, 1;
    %pushi/vec4 1, 0, 1;
    %store/vec4 v00000249563af390_0, 0, 1;
    %pushi/vec4 0, 0, 1;
    %store/vec4 v00000249563aedf0_0, 0, 1;
    %pushi/vec4 0, 0, 1;
    %store/vec4 v00000249563b0330_0, 0, 1;
    %fork TD_tb_decode.send, S_0000024956312ad0;
    %join;
    %pushi/vec4 29958691, 0, 32;
    %store/vec4 v00000249563af750_0, 0, 32;
    %pushi/vec4 204, 0, 32;
    %store/vec4 v00000249563af930_0, 0, 32;
    %pushi/vec4 0, 0, 1;
    %store/vec4 v00000249563b0290_0, 0, 1;
    %pushi/vec4 0, 0, 1;
    %store/vec4 v00000249563af1b0_0, 0, 1;
    %pushi/vec4 0, 0, 1;
    %store/vec4 v00000249563af430_0, 0, 1;
    %pushi/vec4 1, 0, 1;
    %store/vec4 v00000249563b0470_0, 0, 1;
    %pushi/vec4 0, 0, 1;
    %store/vec4 v00000249563af110_0, 0, 1;
    %pushi/vec4 0, 0, 1;
    %store/vec4 v00000249563af890_0, 0, 1;
    %pushi/vec4 0, 0, 1;
    %store/vec4 v00000249563afe30_0, 0, 1;
    %pushi/vec4 0, 0, 1;
    %store/vec4 v00000249563af390_0, 0, 1;
    %pushi/vec4 1, 0, 1;
    %store/vec4 v00000249563aedf0_0, 0, 1;
    %pushi/vec4 0, 0, 1;
    %store/vec4 v00000249563b0330_0, 0, 1;
    %fork TD_tb_decode.send, S_0000024956312ad0;
    %join;
    %pushi/vec4 25175075, 0, 32;
    %store/vec4 v00000249563af750_0, 0, 32;
    %pushi/vec4 204, 0, 32;
    %store/vec4 v00000249563af930_0, 0, 32;
    %pushi/vec4 0, 0, 1;
    %store/vec4 v00000249563b0290_0, 0, 1;
    %pushi/vec4 0, 0, 1;
    %store/vec4 v00000249563af1b0_0, 0, 1;
    %pushi/vec4 0, 0, 1;
    %store/vec4 v00000249563af430_0, 0, 1;
    %pushi/vec4 1, 0, 1;
    %store/vec4 v00000249563b0470_0, 0, 1;
    %pushi/vec4 0, 0, 1;
    %store/vec4 v00000249563af110_0, 0, 1;
    %pushi/vec4 0, 0, 1;
    %store/vec4 v00000249563af890_0, 0, 1;
    %pushi/vec4 0, 0, 1;
    %store/vec4 v00000249563afe30_0, 0, 1;
    %pushi/vec4 0, 0, 1;
    %store/vec4 v00000249563af390_0, 0, 1;
    %pushi/vec4 0, 0, 1;
    %store/vec4 v00000249563aedf0_0, 0, 1;
    %pushi/vec4 1, 0, 1;
    %store/vec4 v00000249563b0330_0, 0, 1;
    %fork TD_tb_decode.send, S_0000024956312ad0;
    %join;
    %pushi/vec4 4269868259, 0, 32;
    %store/vec4 v00000249563af750_0, 0, 32;
    %pushi/vec4 204, 0, 32;
    %store/vec4 v00000249563af930_0, 0, 32;
    %pushi/vec4 0, 0, 1;
    %store/vec4 v00000249563b0290_0, 0, 1;
    %pushi/vec4 0, 0, 1;
    %store/vec4 v00000249563af1b0_0, 0, 1;
    %pushi/vec4 0, 0, 1;
    %store/vec4 v00000249563af430_0, 0, 1;
    %pushi/vec4 0, 0, 1;
    %store/vec4 v00000249563b0470_0, 0, 1;
    %pushi/vec4 1, 0, 1;
    %store/vec4 v00000249563af110_0, 0, 1;
    %pushi/vec4 0, 0, 1;
    %store/vec4 v00000249563af890_0, 0, 1;
    %pushi/vec4 0, 0, 1;
    %store/vec4 v00000249563afe30_0, 0, 1;
    %pushi/vec4 1, 0, 1;
    %store/vec4 v00000249563af390_0, 0, 1;
    %pushi/vec4 0, 0, 1;
    %store/vec4 v00000249563aedf0_0, 0, 1;
    %pushi/vec4 0, 0, 1;
    %store/vec4 v00000249563b0330_0, 0, 1;
    %fork TD_tb_decode.send, S_0000024956312ad0;
    %join;
    %pushi/vec4 4268758755, 0, 32;
    %store/vec4 v00000249563af750_0, 0, 32;
    %pushi/vec4 204, 0, 32;
    %store/vec4 v00000249563af930_0, 0, 32;
    %pushi/vec4 0, 0, 1;
    %store/vec4 v00000249563b0290_0, 0, 1;
    %pushi/vec4 0, 0, 1;
    %store/vec4 v00000249563af1b0_0, 0, 1;
    %pushi/vec4 0, 0, 1;
    %store/vec4 v00000249563af430_0, 0, 1;
    %pushi/vec4 0, 0, 1;
    %store/vec4 v00000249563b0470_0, 0, 1;
    %pushi/vec4 1, 0, 1;
    %store/vec4 v00000249563af110_0, 0, 1;
    %pushi/vec4 0, 0, 1;
    %store/vec4 v00000249563af890_0, 0, 1;
    %pushi/vec4 0, 0, 1;
    %store/vec4 v00000249563afe30_0, 0, 1;
    %pushi/vec4 0, 0, 1;
    %store/vec4 v00000249563af390_0, 0, 1;
    %pushi/vec4 1, 0, 1;
    %store/vec4 v00000249563aedf0_0, 0, 1;
    %pushi/vec4 0, 0, 1;
    %store/vec4 v00000249563b0330_0, 0, 1;
    %fork TD_tb_decode.send, S_0000024956312ad0;
    %join;
    %pushi/vec4 4272082659, 0, 32;
    %store/vec4 v00000249563af750_0, 0, 32;
    %pushi/vec4 204, 0, 32;
    %store/vec4 v00000249563af930_0, 0, 32;
    %pushi/vec4 0, 0, 1;
    %store/vec4 v00000249563b0290_0, 0, 1;
    %pushi/vec4 0, 0, 1;
    %store/vec4 v00000249563af1b0_0, 0, 1;
    %pushi/vec4 0, 0, 1;
    %store/vec4 v00000249563af430_0, 0, 1;
    %pushi/vec4 0, 0, 1;
    %store/vec4 v00000249563b0470_0, 0, 1;
    %pushi/vec4 1, 0, 1;
    %store/vec4 v00000249563af110_0, 0, 1;
    %pushi/vec4 0, 0, 1;
    %store/vec4 v00000249563af890_0, 0, 1;
    %pushi/vec4 0, 0, 1;
    %store/vec4 v00000249563afe30_0, 0, 1;
    %pushi/vec4 0, 0, 1;
    %store/vec4 v00000249563af390_0, 0, 1;
    %pushi/vec4 0, 0, 1;
    %store/vec4 v00000249563aedf0_0, 0, 1;
    %pushi/vec4 1, 0, 1;
    %store/vec4 v00000249563b0330_0, 0, 1;
    %fork TD_tb_decode.send, S_0000024956312ad0;
    %join;
    %pushi/vec4 4259312751, 0, 32;
    %store/vec4 v00000249563af750_0, 0, 32;
    %pushi/vec4 204, 0, 32;
    %store/vec4 v00000249563af930_0, 0, 32;
    %pushi/vec4 0, 0, 1;
    %store/vec4 v00000249563b0290_0, 0, 1;
    %pushi/vec4 0, 0, 1;
    %store/vec4 v00000249563af1b0_0, 0, 1;
    %pushi/vec4 0, 0, 1;
    %store/vec4 v00000249563af430_0, 0, 1;
    %pushi/vec4 0, 0, 1;
    %store/vec4 v00000249563b0470_0, 0, 1;
    %pushi/vec4 0, 0, 1;
    %store/vec4 v00000249563af110_0, 0, 1;
    %pushi/vec4 1, 0, 1;
    %store/vec4 v00000249563af890_0, 0, 1;
    %pushi/vec4 0, 0, 1;
    %store/vec4 v00000249563afe30_0, 0, 1;
    %pushi/vec4 1, 0, 1;
    %store/vec4 v00000249563af390_0, 0, 1;
    %pushi/vec4 0, 0, 1;
    %store/vec4 v00000249563aedf0_0, 0, 1;
    %pushi/vec4 0, 0, 1;
    %store/vec4 v00000249563b0330_0, 0, 1;
    %fork TD_tb_decode.send, S_0000024956312ad0;
    %join;
    %pushi/vec4 4263506031, 0, 32;
    %store/vec4 v00000249563af750_0, 0, 32;
    %pushi/vec4 204, 0, 32;
    %store/vec4 v00000249563af930_0, 0, 32;
    %pushi/vec4 0, 0, 1;
    %store/vec4 v00000249563b0290_0, 0, 1;
    %pushi/vec4 0, 0, 1;
    %store/vec4 v00000249563af1b0_0, 0, 1;
    %pushi/vec4 0, 0, 1;
    %store/vec4 v00000249563af430_0, 0, 1;
    %pushi/vec4 0, 0, 1;
    %store/vec4 v00000249563b0470_0, 0, 1;
    %pushi/vec4 0, 0, 1;
    %store/vec4 v00000249563af110_0, 0, 1;
    %pushi/vec4 1, 0, 1;
    %store/vec4 v00000249563af890_0, 0, 1;
    %pushi/vec4 0, 0, 1;
    %store/vec4 v00000249563afe30_0, 0, 1;
    %pushi/vec4 0, 0, 1;
    %store/vec4 v00000249563af390_0, 0, 1;
    %pushi/vec4 1, 0, 1;
    %store/vec4 v00000249563aedf0_0, 0, 1;
    %pushi/vec4 0, 0, 1;
    %store/vec4 v00000249563b0330_0, 0, 1;
    %fork TD_tb_decode.send, S_0000024956312ad0;
    %join;
    %pushi/vec4 4280287087, 0, 32;
    %store/vec4 v00000249563af750_0, 0, 32;
    %pushi/vec4 204, 0, 32;
    %store/vec4 v00000249563af930_0, 0, 32;
    %pushi/vec4 0, 0, 1;
    %store/vec4 v00000249563b0290_0, 0, 1;
    %pushi/vec4 0, 0, 1;
    %store/vec4 v00000249563af1b0_0, 0, 1;
    %pushi/vec4 0, 0, 1;
    %store/vec4 v00000249563af430_0, 0, 1;
    %pushi/vec4 0, 0, 1;
    %store/vec4 v00000249563b0470_0, 0, 1;
    %pushi/vec4 0, 0, 1;
    %store/vec4 v00000249563af110_0, 0, 1;
    %pushi/vec4 1, 0, 1;
    %store/vec4 v00000249563af890_0, 0, 1;
    %pushi/vec4 0, 0, 1;
    %store/vec4 v00000249563afe30_0, 0, 1;
    %pushi/vec4 0, 0, 1;
    %store/vec4 v00000249563af390_0, 0, 1;
    %pushi/vec4 0, 0, 1;
    %store/vec4 v00000249563aedf0_0, 0, 1;
    %pushi/vec4 1, 0, 1;
    %store/vec4 v00000249563b0330_0, 0, 1;
    %fork TD_tb_decode.send, S_0000024956312ad0;
    %join;
    %pushi/vec4 263271, 0, 32;
    %store/vec4 v00000249563af750_0, 0, 32;
    %pushi/vec4 204, 0, 32;
    %store/vec4 v00000249563af930_0, 0, 32;
    %pushi/vec4 0, 0, 1;
    %store/vec4 v00000249563b0290_0, 0, 1;
    %pushi/vec4 0, 0, 1;
    %store/vec4 v00000249563af1b0_0, 0, 1;
    %pushi/vec4 0, 0, 1;
    %store/vec4 v00000249563af430_0, 0, 1;
    %pushi/vec4 0, 0, 1;
    %store/vec4 v00000249563b0470_0, 0, 1;
    %pushi/vec4 0, 0, 1;
    %store/vec4 v00000249563af110_0, 0, 1;
    %pushi/vec4 0, 0, 1;
    %store/vec4 v00000249563af890_0, 0, 1;
    %pushi/vec4 1, 0, 1;
    %store/vec4 v00000249563afe30_0, 0, 1;
    %pushi/vec4 1, 0, 1;
    %store/vec4 v00000249563af390_0, 0, 1;
    %pushi/vec4 0, 0, 1;
    %store/vec4 v00000249563aedf0_0, 0, 1;
    %pushi/vec4 0, 0, 1;
    %store/vec4 v00000249563b0330_0, 0, 1;
    %fork TD_tb_decode.send, S_0000024956312ad0;
    %join;
    %pushi/vec4 4817511, 0, 32;
    %store/vec4 v00000249563af750_0, 0, 32;
    %pushi/vec4 204, 0, 32;
    %store/vec4 v00000249563af930_0, 0, 32;
    %pushi/vec4 0, 0, 1;
    %store/vec4 v00000249563b0290_0, 0, 1;
    %pushi/vec4 0, 0, 1;
    %store/vec4 v00000249563af1b0_0, 0, 1;
    %pushi/vec4 0, 0, 1;
    %store/vec4 v00000249563af430_0, 0, 1;
    %pushi/vec4 0, 0, 1;
    %store/vec4 v00000249563b0470_0, 0, 1;
    %pushi/vec4 0, 0, 1;
    %store/vec4 v00000249563af110_0, 0, 1;
    %pushi/vec4 0, 0, 1;
    %store/vec4 v00000249563af890_0, 0, 1;
    %pushi/vec4 1, 0, 1;
    %store/vec4 v00000249563afe30_0, 0, 1;
    %pushi/vec4 0, 0, 1;
    %store/vec4 v00000249563af390_0, 0, 1;
    %pushi/vec4 1, 0, 1;
    %store/vec4 v00000249563aedf0_0, 0, 1;
    %pushi/vec4 0, 0, 1;
    %store/vec4 v00000249563b0330_0, 0, 1;
    %fork TD_tb_decode.send, S_0000024956312ad0;
    %join;
    %pushi/vec4 17173863, 0, 32;
    %store/vec4 v00000249563af750_0, 0, 32;
    %pushi/vec4 221, 0, 32;
    %store/vec4 v00000249563af930_0, 0, 32;
    %pushi/vec4 0, 0, 1;
    %store/vec4 v00000249563b0290_0, 0, 1;
    %pushi/vec4 0, 0, 1;
    %store/vec4 v00000249563af1b0_0, 0, 1;
    %pushi/vec4 0, 0, 1;
    %store/vec4 v00000249563af430_0, 0, 1;
    %pushi/vec4 0, 0, 1;
    %store/vec4 v00000249563b0470_0, 0, 1;
    %pushi/vec4 0, 0, 1;
    %store/vec4 v00000249563af110_0, 0, 1;
    %pushi/vec4 0, 0, 1;
    %store/vec4 v00000249563af890_0, 0, 1;
    %pushi/vec4 1, 0, 1;
    %store/vec4 v00000249563afe30_0, 0, 1;
    %pushi/vec4 0, 0, 1;
    %store/vec4 v00000249563af390_0, 0, 1;
    %pushi/vec4 0, 0, 1;
    %store/vec4 v00000249563aedf0_0, 0, 1;
    %pushi/vec4 1, 0, 1;
    %store/vec4 v00000249563b0330_0, 0, 1;
    %fork TD_tb_decode.send, S_0000024956312ad0;
    %join;
    %pushi/vec4 4817511, 0, 32;
    %store/vec4 v00000249563af750_0, 0, 32;
    %pushi/vec4 204, 0, 32;
    %store/vec4 v00000249563af930_0, 0, 32;
    %pushi/vec4 0, 0, 1;
    %store/vec4 v00000249563b0290_0, 0, 1;
    %pushi/vec4 0, 0, 1;
    %store/vec4 v00000249563af1b0_0, 0, 1;
    %pushi/vec4 0, 0, 1;
    %store/vec4 v00000249563af430_0, 0, 1;
    %pushi/vec4 0, 0, 1;
    %store/vec4 v00000249563b0470_0, 0, 1;
    %pushi/vec4 0, 0, 1;
    %store/vec4 v00000249563af110_0, 0, 1;
    %pushi/vec4 0, 0, 1;
    %store/vec4 v00000249563af890_0, 0, 1;
    %pushi/vec4 1, 0, 1;
    %store/vec4 v00000249563afe30_0, 0, 1;
    %pushi/vec4 0, 0, 1;
    %store/vec4 v00000249563af390_0, 0, 1;
    %pushi/vec4 0, 0, 1;
    %store/vec4 v00000249563aedf0_0, 0, 1;
    %pushi/vec4 0, 0, 1;
    %store/vec4 v00000249563b0330_0, 0, 1;
    %fork TD_tb_decode.send, S_0000024956312ad0;
    %join;
    %pushi/vec4 17173863, 0, 32;
    %store/vec4 v00000249563af750_0, 0, 32;
    %pushi/vec4 204, 0, 32;
    %store/vec4 v00000249563af930_0, 0, 32;
    %pushi/vec4 0, 0, 1;
    %store/vec4 v00000249563b0290_0, 0, 1;
    %pushi/vec4 0, 0, 1;
    %store/vec4 v00000249563af1b0_0, 0, 1;
    %pushi/vec4 0, 0, 1;
    %store/vec4 v00000249563af430_0, 0, 1;
    %pushi/vec4 0, 0, 1;
    %store/vec4 v00000249563b0470_0, 0, 1;
    %pushi/vec4 0, 0, 1;
    %store/vec4 v00000249563af110_0, 0, 1;
    %pushi/vec4 0, 0, 1;
    %store/vec4 v00000249563af890_0, 0, 1;
    %pushi/vec4 1, 0, 1;
    %store/vec4 v00000249563afe30_0, 0, 1;
    %pushi/vec4 0, 0, 1;
    %store/vec4 v00000249563af390_0, 0, 1;
    %pushi/vec4 0, 0, 1;
    %store/vec4 v00000249563aedf0_0, 0, 1;
    %pushi/vec4 0, 0, 1;
    %store/vec4 v00000249563b0330_0, 0, 1;
    %fork TD_tb_decode.send, S_0000024956312ad0;
    %join;
    %pushi/vec4 4270339, 0, 32;
    %store/vec4 v00000249563af750_0, 0, 32;
    %pushi/vec4 170, 0, 32;
    %store/vec4 v00000249563af930_0, 0, 32;
    %pushi/vec4 0, 0, 1;
    %store/vec4 v00000249563b0290_0, 0, 1;
    %pushi/vec4 0, 0, 1;
    %store/vec4 v00000249563af1b0_0, 0, 1;
    %pushi/vec4 1, 0, 1;
    %store/vec4 v00000249563af430_0, 0, 1;
    %pushi/vec4 0, 0, 1;
    %store/vec4 v00000249563b0470_0, 0, 1;
    %pushi/vec4 0, 0, 1;
    %store/vec4 v00000249563af110_0, 0, 1;
    %pushi/vec4 0, 0, 1;
    %store/vec4 v00000249563af890_0, 0, 1;
    %pushi/vec4 0, 0, 1;
    %store/vec4 v00000249563afe30_0, 0, 1;
    %pushi/vec4 0, 0, 1;
    %store/vec4 v00000249563af390_0, 0, 1;
    %pushi/vec4 0, 0, 1;
    %store/vec4 v00000249563aedf0_0, 0, 1;
    %pushi/vec4 1, 0, 1;
    %store/vec4 v00000249563b0330_0, 0, 1;
    %fork TD_tb_decode.send, S_0000024956312ad0;
    %join;
    %pushi/vec4 4280287087, 0, 32;
    %store/vec4 v00000249563af750_0, 0, 32;
    %pushi/vec4 187, 0, 32;
    %store/vec4 v00000249563af930_0, 0, 32;
    %pushi/vec4 0, 0, 1;
    %store/vec4 v00000249563b0290_0, 0, 1;
    %pushi/vec4 0, 0, 1;
    %store/vec4 v00000249563af1b0_0, 0, 1;
    %pushi/vec4 0, 0, 1;
    %store/vec4 v00000249563af430_0, 0, 1;
    %pushi/vec4 0, 0, 1;
    %store/vec4 v00000249563b0470_0, 0, 1;
    %pushi/vec4 0, 0, 1;
    %store/vec4 v00000249563af110_0, 0, 1;
    %pushi/vec4 1, 0, 1;
    %store/vec4 v00000249563af890_0, 0, 1;
    %pushi/vec4 0, 0, 1;
    %store/vec4 v00000249563afe30_0, 0, 1;
    %pushi/vec4 0, 0, 1;
    %store/vec4 v00000249563af390_0, 0, 1;
    %pushi/vec4 0, 0, 1;
    %store/vec4 v00000249563aedf0_0, 0, 1;
    %pushi/vec4 1, 0, 1;
    %store/vec4 v00000249563b0330_0, 0, 1;
    %fork TD_tb_decode.send, S_0000024956312ad0;
    %join;
    %pushi/vec4 4493587, 0, 32;
    %store/vec4 v00000249563af750_0, 0, 32;
    %pushi/vec4 204, 0, 32;
    %store/vec4 v00000249563af930_0, 0, 32;
    %pushi/vec4 0, 0, 1;
    %store/vec4 v00000249563b0290_0, 0, 1;
    %pushi/vec4 1, 0, 1;
    %store/vec4 v00000249563af1b0_0, 0, 1;
    %pushi/vec4 0, 0, 1;
    %store/vec4 v00000249563af430_0, 0, 1;
    %pushi/vec4 0, 0, 1;
    %store/vec4 v00000249563b0470_0, 0, 1;
    %pushi/vec4 0, 0, 1;
    %store/vec4 v00000249563af110_0, 0, 1;
    %pushi/vec4 0, 0, 1;
    %store/vec4 v00000249563af890_0, 0, 1;
    %pushi/vec4 0, 0, 1;
    %store/vec4 v00000249563afe30_0, 0, 1;
    %pushi/vec4 0, 0, 1;
    %store/vec4 v00000249563af390_0, 0, 1;
    %pushi/vec4 0, 0, 1;
    %store/vec4 v00000249563aedf0_0, 0, 1;
    %pushi/vec4 1, 0, 1;
    %store/vec4 v00000249563b0330_0, 0, 1;
    %fork TD_tb_decode.send, S_0000024956312ad0;
    %join;
    %delay 20000, 0;
    %vpi_call/w 3 293 "$finish" {0 0 0};
    %end;
    .thread T_6;
# The file index is used to find the file name in the following table.
:file_names 5;
    "N/A";
    "<interactive>";
    "-";
    "C:\Users\jeliu\OneDrive\Desktop\pipeline5\tb\tb_decode.sv";
    "C:\Users\jeliu\OneDrive\Desktop\pipeline5\src\decode.sv";
